Start testing: Jul 10 12:50 BST
----------------------------------------------------------
3/892 Testing: NekMesh_Nektar++/extract_curved_edge
3/892 Test: NekMesh_Nektar++/extract_curved_edge
Command: "/work/ecseak05/ecseak05/jaya/nektar_basic/nektar/nektar-5.6.0/build/tests/Tester" "/work/ecseak05/ecseak05/jaya/nektar_basic/nektar/nektar-5.6.0/utilities/NekMesh/Tests/Nektar++/extract_curved_edge.tst"
Directory: /work/ecseak05/ecseak05/jaya/nektar_basic/nektar/nektar-5.6.0/build/utilities/NekMesh
"NekMesh_Nektar++/extract_curved_edge" start time: Jul 10 12:50 BST
Output:
----------------------------------------------------------
<end of output>
Test time =   0.07 sec
----------------------------------------------------------
Test Passed.
"NekMesh_Nektar++/extract_curved_edge" end time: Jul 10 12:50 BST
"NekMesh_Nektar++/extract_curved_edge" time elapsed: 00:00:00
----------------------------------------------------------

7/892 Testing: NekMesh_Nektar++/jac_list_tet_face
7/892 Test: NekMesh_Nektar++/jac_list_tet_face
Command: "/work/ecseak05/ecseak05/jaya/nektar_basic/nektar/nektar-5.6.0/build/tests/Tester" "/work/ecseak05/ecseak05/jaya/nektar_basic/nektar/nektar-5.6.0/utilities/NekMesh/Tests/Nektar++/jac_list_tet_face.tst"
Directory: /work/ecseak05/ecseak05/jaya/nektar_basic/nektar/nektar-5.6.0/build/utilities/NekMesh
"NekMesh_Nektar++/jac_list_tet_face" start time: Jul 10 12:50 BST
Output:
----------------------------------------------------------
<end of output>
Test time =   0.08 sec
----------------------------------------------------------
Test Passed.
"NekMesh_Nektar++/jac_list_tet_face" end time: Jul 10 12:50 BST
"NekMesh_Nektar++/jac_list_tet_face" time elapsed: 00:00:00
----------------------------------------------------------

6/892 Testing: NekMesh_Nektar++/extrude
6/892 Test: NekMesh_Nektar++/extrude
Command: "/work/ecseak05/ecseak05/jaya/nektar_basic/nektar/nektar-5.6.0/build/tests/Tester" "/work/ecseak05/ecseak05/jaya/nektar_basic/nektar/nektar-5.6.0/utilities/NekMesh/Tests/Nektar++/extrude.tst"
Directory: /work/ecseak05/ecseak05/jaya/nektar_basic/nektar/nektar-5.6.0/build/utilities/NekMesh
"NekMesh_Nektar++/extrude" start time: Jul 10 12:50 BST
Output:
----------------------------------------------------------
<end of output>
Test time =   0.08 sec
----------------------------------------------------------
Test Passed.
"NekMesh_Nektar++/extrude" end time: Jul 10 12:50 BST
"NekMesh_Nektar++/extrude" time elapsed: 00:00:00
----------------------------------------------------------

8/892 Testing: NekMesh_Nektar++/linearise_invalid_quad
8/892 Test: NekMesh_Nektar++/linearise_invalid_quad
Command: "/work/ecseak05/ecseak05/jaya/nektar_basic/nektar/nektar-5.6.0/build/tests/Tester" "/work/ecseak05/ecseak05/jaya/nektar_basic/nektar/nektar-5.6.0/utilities/NekMesh/Tests/Nektar++/linearise_invalid_quad.tst"
Directory: /work/ecseak05/ecseak05/jaya/nektar_basic/nektar/nektar-5.6.0/build/utilities/NekMesh
"NekMesh_Nektar++/linearise_invalid_quad" start time: Jul 10 12:50 BST
Output:
----------------------------------------------------------
<end of output>
Test time =   0.08 sec
----------------------------------------------------------
Test Passed.
"NekMesh_Nektar++/linearise_invalid_quad" end time: Jul 10 12:50 BST
"NekMesh_Nektar++/linearise_invalid_quad" time elapsed: 00:00:00
----------------------------------------------------------

9/892 Testing: NekMesh_Nektar++/linearise_invalid_tet
9/892 Test: NekMesh_Nektar++/linearise_invalid_tet
Command: "/work/ecseak05/ecseak05/jaya/nektar_basic/nektar/nektar-5.6.0/build/tests/Tester" "/work/ecseak05/ecseak05/jaya/nektar_basic/nektar/nektar-5.6.0/utilities/NekMesh/Tests/Nektar++/linearise_invalid_tet.tst"
Directory: /work/ecseak05/ecseak05/jaya/nektar_basic/nektar/nektar-5.6.0/build/utilities/NekMesh
"NekMesh_Nektar++/linearise_invalid_tet" start time: Jul 10 12:50 BST
Output:
----------------------------------------------------------
<end of output>
Test time =   0.08 sec
----------------------------------------------------------
Test Passed.
"NekMesh_Nektar++/linearise_invalid_tet" end time: Jul 10 12:50 BST
"NekMesh_Nektar++/linearise_invalid_tet" time elapsed: 00:00:00
----------------------------------------------------------

11/892 Testing: NekMesh_Nektar/bl_hex_lin
11/892 Test: NekMesh_Nektar/bl_hex_lin
Command: "/work/ecseak05/ecseak05/jaya/nektar_basic/nektar/nektar-5.6.0/build/tests/Tester" "/work/ecseak05/ecseak05/jaya/nektar_basic/nektar/nektar-5.6.0/utilities/NekMesh/Tests/Nektar/bl_hex_lin.tst"
Directory: /work/ecseak05/ecseak05/jaya/nektar_basic/nektar/nektar-5.6.0/build/utilities/NekMesh
"NekMesh_Nektar/bl_hex_lin" start time: Jul 10 12:50 BST
Output:
----------------------------------------------------------
<end of output>
Test time =   0.29 sec
----------------------------------------------------------
Test Passed.
"NekMesh_Nektar/bl_hex_lin" end time: Jul 10 12:50 BST
"NekMesh_Nektar/bl_hex_lin" time elapsed: 00:00:00
----------------------------------------------------------

16/892 Testing: NekMesh_Gmsh/v2.2/cube_hex
16/892 Test: NekMesh_Gmsh/v2.2/cube_hex
Command: "/work/ecseak05/ecseak05/jaya/nektar_basic/nektar/nektar-5.6.0/build/tests/Tester" "/work/ecseak05/ecseak05/jaya/nektar_basic/nektar/nektar-5.6.0/utilities/NekMesh/Tests/Gmsh/v2.2/cube_hex.tst"
Directory: /work/ecseak05/ecseak05/jaya/nektar_basic/nektar/nektar-5.6.0/build/utilities/NekMesh
"NekMesh_Gmsh/v2.2/cube_hex" start time: Jul 10 12:50 BST
Output:
----------------------------------------------------------
<end of output>
Test time =   0.29 sec
----------------------------------------------------------
Test Passed.
"NekMesh_Gmsh/v2.2/cube_hex" end time: Jul 10 12:50 BST
"NekMesh_Gmsh/v2.2/cube_hex" time elapsed: 00:00:00
----------------------------------------------------------

1/892 Testing: NekMesh_Nektar++/bl_quad
1/892 Test: NekMesh_Nektar++/bl_quad
Command: "/work/ecseak05/ecseak05/jaya/nektar_basic/nektar/nektar-5.6.0/build/tests/Tester" "/work/ecseak05/ecseak05/jaya/nektar_basic/nektar/nektar-5.6.0/utilities/NekMesh/Tests/Nektar++/bl_quad.tst"
Directory: /work/ecseak05/ecseak05/jaya/nektar_basic/nektar/nektar-5.6.0/build/utilities/NekMesh
"NekMesh_Nektar++/bl_quad" start time: Jul 10 12:50 BST
Output:
----------------------------------------------------------
<end of output>
Test time =   0.33 sec
----------------------------------------------------------
Test Passed.
"NekMesh_Nektar++/bl_quad" end time: Jul 10 12:50 BST
"NekMesh_Nektar++/bl_quad" time elapsed: 00:00:00
----------------------------------------------------------

12/892 Testing: NekMesh_Nektar/gz_uk
12/892 Test: NekMesh_Nektar/gz_uk
Command: "/work/ecseak05/ecseak05/jaya/nektar_basic/nektar/nektar-5.6.0/build/tests/Tester" "/work/ecseak05/ecseak05/jaya/nektar_basic/nektar/nektar-5.6.0/utilities/NekMesh/Tests/Nektar/gz_uk.tst"
Directory: /work/ecseak05/ecseak05/jaya/nektar_basic/nektar/nektar-5.6.0/build/utilities/NekMesh
"NekMesh_Nektar/gz_uk" start time: Jul 10 12:50 BST
Output:
----------------------------------------------------------
<end of output>
Test time =   0.30 sec
----------------------------------------------------------
Test Passed.
"NekMesh_Nektar/gz_uk" end time: Jul 10 12:50 BST
"NekMesh_Nektar/gz_uk" time elapsed: 00:00:00
----------------------------------------------------------

15/892 Testing: NekMesh_Gmsh/v2.2/cube_hex_lin
15/892 Test: NekMesh_Gmsh/v2.2/cube_hex_lin
Command: "/work/ecseak05/ecseak05/jaya/nektar_basic/nektar/nektar-5.6.0/build/tests/Tester" "/work/ecseak05/ecseak05/jaya/nektar_basic/nektar/nektar-5.6.0/utilities/NekMesh/Tests/Gmsh/v2.2/cube_hex_lin.tst"
Directory: /work/ecseak05/ecseak05/jaya/nektar_basic/nektar/nektar-5.6.0/build/utilities/NekMesh
"NekMesh_Gmsh/v2.2/cube_hex_lin" start time: Jul 10 12:50 BST
Output:
----------------------------------------------------------
<end of output>
Test time =   0.31 sec
----------------------------------------------------------
Test Passed.
"NekMesh_Gmsh/v2.2/cube_hex_lin" end time: Jul 10 12:50 BST
"NekMesh_Gmsh/v2.2/cube_hex_lin" time elapsed: 00:00:00
----------------------------------------------------------

14/892 Testing: NekMesh_Gmsh/v2.2/cube_all
14/892 Test: NekMesh_Gmsh/v2.2/cube_all
Command: "/work/ecseak05/ecseak05/jaya/nektar_basic/nektar/nektar-5.6.0/build/tests/Tester" "/work/ecseak05/ecseak05/jaya/nektar_basic/nektar/nektar-5.6.0/utilities/NekMesh/Tests/Gmsh/v2.2/cube_all.tst"
Directory: /work/ecseak05/ecseak05/jaya/nektar_basic/nektar/nektar-5.6.0/build/utilities/NekMesh
"NekMesh_Gmsh/v2.2/cube_all" start time: Jul 10 12:50 BST
Output:
----------------------------------------------------------
<end of output>
Test time =   0.32 sec
----------------------------------------------------------
Test Passed.
"NekMesh_Gmsh/v2.2/cube_all" end time: Jul 10 12:50 BST
"NekMesh_Gmsh/v2.2/cube_all" time elapsed: 00:00:00
----------------------------------------------------------

20/892 Testing: NekMesh_Gmsh/v2.2/square_quad_lin
20/892 Test: NekMesh_Gmsh/v2.2/square_quad_lin
Command: "/work/ecseak05/ecseak05/jaya/nektar_basic/nektar/nektar-5.6.0/build/tests/Tester" "/work/ecseak05/ecseak05/jaya/nektar_basic/nektar/nektar-5.6.0/utilities/NekMesh/Tests/Gmsh/v2.2/square_quad_lin.tst"
Directory: /work/ecseak05/ecseak05/jaya/nektar_basic/nektar/nektar-5.6.0/build/utilities/NekMesh
"NekMesh_Gmsh/v2.2/square_quad_lin" start time: Jul 10 12:50 BST
Output:
----------------------------------------------------------
<end of output>
Test time =   0.29 sec
----------------------------------------------------------
Test Passed.
"NekMesh_Gmsh/v2.2/square_quad_lin" end time: Jul 10 12:50 BST
"NekMesh_Gmsh/v2.2/square_quad_lin" time elapsed: 00:00:00
----------------------------------------------------------

17/892 Testing: NekMesh_Gmsh/v2.2/cube_prism_lin
17/892 Test: NekMesh_Gmsh/v2.2/cube_prism_lin
Command: "/work/ecseak05/ecseak05/jaya/nektar_basic/nektar/nektar-5.6.0/build/tests/Tester" "/work/ecseak05/ecseak05/jaya/nektar_basic/nektar/nektar-5.6.0/utilities/NekMesh/Tests/Gmsh/v2.2/cube_prism_lin.tst"
Directory: /work/ecseak05/ecseak05/jaya/nektar_basic/nektar/nektar-5.6.0/build/utilities/NekMesh
"NekMesh_Gmsh/v2.2/cube_prism_lin" start time: Jul 10 12:50 BST
Output:
----------------------------------------------------------
<end of output>
Test time =   0.31 sec
----------------------------------------------------------
Test Passed.
"NekMesh_Gmsh/v2.2/cube_prism_lin" end time: Jul 10 12:50 BST
"NekMesh_Gmsh/v2.2/cube_prism_lin" time elapsed: 00:00:00
----------------------------------------------------------

4/892 Testing: NekMesh_Nektar++/extract_curved_face
4/892 Test: NekMesh_Nektar++/extract_curved_face
Command: "/work/ecseak05/ecseak05/jaya/nektar_basic/nektar/nektar-5.6.0/build/tests/Tester" "/work/ecseak05/ecseak05/jaya/nektar_basic/nektar/nektar-5.6.0/utilities/NekMesh/Tests/Nektar++/extract_curved_face.tst"
Directory: /work/ecseak05/ecseak05/jaya/nektar_basic/nektar/nektar-5.6.0/build/utilities/NekMesh
"NekMesh_Nektar++/extract_curved_face" start time: Jul 10 12:50 BST
Output:
----------------------------------------------------------
<end of output>
Test time =   0.40 sec
----------------------------------------------------------
Test Passed.
"NekMesh_Nektar++/extract_curved_face" end time: Jul 10 12:50 BST
"NekMesh_Nektar++/extract_curved_face" time elapsed: 00:00:00
----------------------------------------------------------

5/892 Testing: NekMesh_Nektar++/extract_detectbnd_tube
5/892 Test: NekMesh_Nektar++/extract_detectbnd_tube
Command: "/work/ecseak05/ecseak05/jaya/nektar_basic/nektar/nektar-5.6.0/build/tests/Tester" "/work/ecseak05/ecseak05/jaya/nektar_basic/nektar/nektar-5.6.0/utilities/NekMesh/Tests/Nektar++/extract_detectbnd_tube.tst"
Directory: /work/ecseak05/ecseak05/jaya/nektar_basic/nektar/nektar-5.6.0/build/utilities/NekMesh
"NekMesh_Nektar++/extract_detectbnd_tube" start time: Jul 10 12:50 BST
Output:
----------------------------------------------------------
<end of output>
Test time =   0.40 sec
----------------------------------------------------------
Test Passed.
"NekMesh_Nektar++/extract_detectbnd_tube" end time: Jul 10 12:50 BST
"NekMesh_Nektar++/extract_detectbnd_tube" time elapsed: 00:00:00
----------------------------------------------------------

22/892 Testing: NekMesh_Gmsh/v2.2/square_tri_lin
22/892 Test: NekMesh_Gmsh/v2.2/square_tri_lin
Command: "/work/ecseak05/ecseak05/jaya/nektar_basic/nektar/nektar-5.6.0/build/tests/Tester" "/work/ecseak05/ecseak05/jaya/nektar_basic/nektar/nektar-5.6.0/utilities/NekMesh/Tests/Gmsh/v2.2/square_tri_lin.tst"
Directory: /work/ecseak05/ecseak05/jaya/nektar_basic/nektar/nektar-5.6.0/build/utilities/NekMesh
"NekMesh_Gmsh/v2.2/square_tri_lin" start time: Jul 10 12:50 BST
Output:
----------------------------------------------------------
<end of output>
Test time =   0.12 sec
----------------------------------------------------------
Test Passed.
"NekMesh_Gmsh/v2.2/square_tri_lin" end time: Jul 10 12:50 BST
"NekMesh_Gmsh/v2.2/square_tri_lin" time elapsed: 00:00:00
----------------------------------------------------------

19/892 Testing: NekMesh_Gmsh/v2.2/cube_tet
19/892 Test: NekMesh_Gmsh/v2.2/cube_tet
Command: "/work/ecseak05/ecseak05/jaya/nektar_basic/nektar/nektar-5.6.0/build/tests/Tester" "/work/ecseak05/ecseak05/jaya/nektar_basic/nektar/nektar-5.6.0/utilities/NekMesh/Tests/Gmsh/v2.2/cube_tet.tst"
Directory: /work/ecseak05/ecseak05/jaya/nektar_basic/nektar/nektar-5.6.0/build/utilities/NekMesh
"NekMesh_Gmsh/v2.2/cube_tet" start time: Jul 10 12:50 BST
Output:
----------------------------------------------------------
<end of output>
Test time =   0.36 sec
----------------------------------------------------------
Test Passed.
"NekMesh_Gmsh/v2.2/cube_tet" end time: Jul 10 12:50 BST
"NekMesh_Gmsh/v2.2/cube_tet" time elapsed: 00:00:00
----------------------------------------------------------

23/892 Testing: NekMesh_Gmsh/v2.2/square_tri
23/892 Test: NekMesh_Gmsh/v2.2/square_tri
Command: "/work/ecseak05/ecseak05/jaya/nektar_basic/nektar/nektar-5.6.0/build/tests/Tester" "/work/ecseak05/ecseak05/jaya/nektar_basic/nektar/nektar-5.6.0/utilities/NekMesh/Tests/Gmsh/v2.2/square_tri.tst"
Directory: /work/ecseak05/ecseak05/jaya/nektar_basic/nektar/nektar-5.6.0/build/utilities/NekMesh
"NekMesh_Gmsh/v2.2/square_tri" start time: Jul 10 12:50 BST
Output:
----------------------------------------------------------
<end of output>
Test time =   0.14 sec
----------------------------------------------------------
Test Passed.
"NekMesh_Gmsh/v2.2/square_tri" end time: Jul 10 12:50 BST
"NekMesh_Gmsh/v2.2/square_tri" time elapsed: 00:00:00
----------------------------------------------------------

27/892 Testing: NekMesh_Gmsh/v4.0/cube_prism_lin
27/892 Test: NekMesh_Gmsh/v4.0/cube_prism_lin
Command: "/work/ecseak05/ecseak05/jaya/nektar_basic/nektar/nektar-5.6.0/build/tests/Tester" "/work/ecseak05/ecseak05/jaya/nektar_basic/nektar/nektar-5.6.0/utilities/NekMesh/Tests/Gmsh/v4.0/cube_prism_lin.tst"
Directory: /work/ecseak05/ecseak05/jaya/nektar_basic/nektar/nektar-5.6.0/build/utilities/NekMesh
"NekMesh_Gmsh/v4.0/cube_prism_lin" start time: Jul 10 12:50 BST
Output:
----------------------------------------------------------
<end of output>
Test time =   0.12 sec
----------------------------------------------------------
Test Passed.
"NekMesh_Gmsh/v4.0/cube_prism_lin" end time: Jul 10 12:50 BST
"NekMesh_Gmsh/v4.0/cube_prism_lin" time elapsed: 00:00:00
----------------------------------------------------------

25/892 Testing: NekMesh_Gmsh/v4.0/cube_hex_lin
25/892 Test: NekMesh_Gmsh/v4.0/cube_hex_lin
Command: "/work/ecseak05/ecseak05/jaya/nektar_basic/nektar/nektar-5.6.0/build/tests/Tester" "/work/ecseak05/ecseak05/jaya/nektar_basic/nektar/nektar-5.6.0/utilities/NekMesh/Tests/Gmsh/v4.0/cube_hex_lin.tst"
Directory: /work/ecseak05/ecseak05/jaya/nektar_basic/nektar/nektar-5.6.0/build/utilities/NekMesh
"NekMesh_Gmsh/v4.0/cube_hex_lin" start time: Jul 10 12:50 BST
Output:
----------------------------------------------------------
<end of output>
Test time =   0.15 sec
----------------------------------------------------------
Test Passed.
"NekMesh_Gmsh/v4.0/cube_hex_lin" end time: Jul 10 12:50 BST
"NekMesh_Gmsh/v4.0/cube_hex_lin" time elapsed: 00:00:00
----------------------------------------------------------

26/892 Testing: NekMesh_Gmsh/v4.0/cube_hex
26/892 Test: NekMesh_Gmsh/v4.0/cube_hex
Command: "/work/ecseak05/ecseak05/jaya/nektar_basic/nektar/nektar-5.6.0/build/tests/Tester" "/work/ecseak05/ecseak05/jaya/nektar_basic/nektar/nektar-5.6.0/utilities/NekMesh/Tests/Gmsh/v4.0/cube_hex.tst"
Directory: /work/ecseak05/ecseak05/jaya/nektar_basic/nektar/nektar-5.6.0/build/utilities/NekMesh
"NekMesh_Gmsh/v4.0/cube_hex" start time: Jul 10 12:50 BST
Output:
----------------------------------------------------------
<end of output>
Test time =   0.16 sec
----------------------------------------------------------
Test Passed.
"NekMesh_Gmsh/v4.0/cube_hex" end time: Jul 10 12:50 BST
"NekMesh_Gmsh/v4.0/cube_hex" time elapsed: 00:00:00
----------------------------------------------------------

28/892 Testing: NekMesh_Gmsh/v4.0/cube_prism
28/892 Test: NekMesh_Gmsh/v4.0/cube_prism
Command: "/work/ecseak05/ecseak05/jaya/nektar_basic/nektar/nektar-5.6.0/build/tests/Tester" "/work/ecseak05/ecseak05/jaya/nektar_basic/nektar/nektar-5.6.0/utilities/NekMesh/Tests/Gmsh/v4.0/cube_prism.tst"
Directory: /work/ecseak05/ecseak05/jaya/nektar_basic/nektar/nektar-5.6.0/build/utilities/NekMesh
"NekMesh_Gmsh/v4.0/cube_prism" start time: Jul 10 12:50 BST
Output:
----------------------------------------------------------
<end of output>
Test time =   0.15 sec
----------------------------------------------------------
Test Passed.
"NekMesh_Gmsh/v4.0/cube_prism" end time: Jul 10 12:50 BST
"NekMesh_Gmsh/v4.0/cube_prism" time elapsed: 00:00:00
----------------------------------------------------------

30/892 Testing: NekMesh_Gmsh/v4.0/extract_square_circ
30/892 Test: NekMesh_Gmsh/v4.0/extract_square_circ
Command: "/work/ecseak05/ecseak05/jaya/nektar_basic/nektar/nektar-5.6.0/build/tests/Tester" "/work/ecseak05/ecseak05/jaya/nektar_basic/nektar/nektar-5.6.0/utilities/NekMesh/Tests/Gmsh/v4.0/extract_square_circ.tst"
Directory: /work/ecseak05/ecseak05/jaya/nektar_basic/nektar/nektar-5.6.0/build/utilities/NekMesh
"NekMesh_Gmsh/v4.0/extract_square_circ" start time: Jul 10 12:50 BST
Output:
----------------------------------------------------------
<end of output>
Test time =   0.16 sec
----------------------------------------------------------
Test Passed.
"NekMesh_Gmsh/v4.0/extract_square_circ" end time: Jul 10 12:50 BST
"NekMesh_Gmsh/v4.0/extract_square_circ" time elapsed: 00:00:00
----------------------------------------------------------

31/892 Testing: NekMesh_Gmsh/v4.0/square_quad_lin
31/892 Test: NekMesh_Gmsh/v4.0/square_quad_lin
Command: "/work/ecseak05/ecseak05/jaya/nektar_basic/nektar/nektar-5.6.0/build/tests/Tester" "/work/ecseak05/ecseak05/jaya/nektar_basic/nektar/nektar-5.6.0/utilities/NekMesh/Tests/Gmsh/v4.0/square_quad_lin.tst"
Directory: /work/ecseak05/ecseak05/jaya/nektar_basic/nektar/nektar-5.6.0/build/utilities/NekMesh
"NekMesh_Gmsh/v4.0/square_quad_lin" start time: Jul 10 12:50 BST
Output:
----------------------------------------------------------
<end of output>
Test time =   0.18 sec
----------------------------------------------------------
Test Passed.
"NekMesh_Gmsh/v4.0/square_quad_lin" end time: Jul 10 12:50 BST
"NekMesh_Gmsh/v4.0/square_quad_lin" time elapsed: 00:00:00
----------------------------------------------------------

24/892 Testing: NekMesh_Gmsh/v4.0/cube_all
24/892 Test: NekMesh_Gmsh/v4.0/cube_all
Command: "/work/ecseak05/ecseak05/jaya/nektar_basic/nektar/nektar-5.6.0/build/tests/Tester" "/work/ecseak05/ecseak05/jaya/nektar_basic/nektar/nektar-5.6.0/utilities/NekMesh/Tests/Gmsh/v4.0/cube_all.tst"
Directory: /work/ecseak05/ecseak05/jaya/nektar_basic/nektar/nektar-5.6.0/build/utilities/NekMesh
"NekMesh_Gmsh/v4.0/cube_all" start time: Jul 10 12:50 BST
Output:
----------------------------------------------------------
<end of output>
Test time =   0.28 sec
----------------------------------------------------------
Test Passed.
"NekMesh_Gmsh/v4.0/cube_all" end time: Jul 10 12:50 BST
"NekMesh_Gmsh/v4.0/cube_all" time elapsed: 00:00:00
----------------------------------------------------------

32/892 Testing: NekMesh_Gmsh/v4.0/square_quad
32/892 Test: NekMesh_Gmsh/v4.0/square_quad
Command: "/work/ecseak05/ecseak05/jaya/nektar_basic/nektar/nektar-5.6.0/build/tests/Tester" "/work/ecseak05/ecseak05/jaya/nektar_basic/nektar/nektar-5.6.0/utilities/NekMesh/Tests/Gmsh/v4.0/square_quad.tst"
Directory: /work/ecseak05/ecseak05/jaya/nektar_basic/nektar/nektar-5.6.0/build/utilities/NekMesh
"NekMesh_Gmsh/v4.0/square_quad" start time: Jul 10 12:50 BST
Output:
----------------------------------------------------------
<end of output>
Test time =   0.19 sec
----------------------------------------------------------
Test Passed.
"NekMesh_Gmsh/v4.0/square_quad" end time: Jul 10 12:50 BST
"NekMesh_Gmsh/v4.0/square_quad" time elapsed: 00:00:00
----------------------------------------------------------

29/892 Testing: NekMesh_Gmsh/v4.0/cube_tet
29/892 Test: NekMesh_Gmsh/v4.0/cube_tet
Command: "/work/ecseak05/ecseak05/jaya/nektar_basic/nektar/nektar-5.6.0/build/tests/Tester" "/work/ecseak05/ecseak05/jaya/nektar_basic/nektar/nektar-5.6.0/utilities/NekMesh/Tests/Gmsh/v4.0/cube_tet.tst"
Directory: /work/ecseak05/ecseak05/jaya/nektar_basic/nektar/nektar-5.6.0/build/utilities/NekMesh
"NekMesh_Gmsh/v4.0/cube_tet" start time: Jul 10 12:50 BST
Output:
----------------------------------------------------------
<end of output>
Test time =   0.24 sec
----------------------------------------------------------
Test Passed.
"NekMesh_Gmsh/v4.0/cube_tet" end time: Jul 10 12:50 BST
"NekMesh_Gmsh/v4.0/cube_tet" time elapsed: 00:00:00
----------------------------------------------------------

33/892 Testing: NekMesh_Gmsh/v4.0/square_tri_lin
33/892 Test: NekMesh_Gmsh/v4.0/square_tri_lin
Command: "/work/ecseak05/ecseak05/jaya/nektar_basic/nektar/nektar-5.6.0/build/tests/Tester" "/work/ecseak05/ecseak05/jaya/nektar_basic/nektar/nektar-5.6.0/utilities/NekMesh/Tests/Gmsh/v4.0/square_tri_lin.tst"
Directory: /work/ecseak05/ecseak05/jaya/nektar_basic/nektar/nektar-5.6.0/build/utilities/NekMesh
"NekMesh_Gmsh/v4.0/square_tri_lin" start time: Jul 10 12:50 BST
Output:
----------------------------------------------------------
<end of output>
Test time =   0.19 sec
----------------------------------------------------------
Test Passed.
"NekMesh_Gmsh/v4.0/square_tri_lin" end time: Jul 10 12:50 BST
"NekMesh_Gmsh/v4.0/square_tri_lin" time elapsed: 00:00:00
----------------------------------------------------------

34/892 Testing: NekMesh_Gmsh/v4.0/square_tri
34/892 Test: NekMesh_Gmsh/v4.0/square_tri
Command: "/work/ecseak05/ecseak05/jaya/nektar_basic/nektar/nektar-5.6.0/build/tests/Tester" "/work/ecseak05/ecseak05/jaya/nektar_basic/nektar/nektar-5.6.0/utilities/NekMesh/Tests/Gmsh/v4.0/square_tri.tst"
Directory: /work/ecseak05/ecseak05/jaya/nektar_basic/nektar/nektar-5.6.0/build/utilities/NekMesh
"NekMesh_Gmsh/v4.0/square_tri" start time: Jul 10 12:50 BST
Output:
----------------------------------------------------------
<end of output>
Test time =   0.19 sec
----------------------------------------------------------
Test Passed.
"NekMesh_Gmsh/v4.0/square_tri" end time: Jul 10 12:50 BST
"NekMesh_Gmsh/v4.0/square_tri" time elapsed: 00:00:00
----------------------------------------------------------

36/892 Testing: NekMesh_Gmsh/v4.1/cube_hex_lin
36/892 Test: NekMesh_Gmsh/v4.1/cube_hex_lin
Command: "/work/ecseak05/ecseak05/jaya/nektar_basic/nektar/nektar-5.6.0/build/tests/Tester" "/work/ecseak05/ecseak05/jaya/nektar_basic/nektar/nektar-5.6.0/utilities/NekMesh/Tests/Gmsh/v4.1/cube_hex_lin.tst"
Directory: /work/ecseak05/ecseak05/jaya/nektar_basic/nektar/nektar-5.6.0/build/utilities/NekMesh
"NekMesh_Gmsh/v4.1/cube_hex_lin" start time: Jul 10 12:50 BST
Output:
----------------------------------------------------------
<end of output>
Test time =   0.24 sec
----------------------------------------------------------
Test Passed.
"NekMesh_Gmsh/v4.1/cube_hex_lin" end time: Jul 10 12:50 BST
"NekMesh_Gmsh/v4.1/cube_hex_lin" time elapsed: 00:00:00
----------------------------------------------------------

37/892 Testing: NekMesh_Gmsh/v4.1/cube_hex
37/892 Test: NekMesh_Gmsh/v4.1/cube_hex
Command: "/work/ecseak05/ecseak05/jaya/nektar_basic/nektar/nektar-5.6.0/build/tests/Tester" "/work/ecseak05/ecseak05/jaya/nektar_basic/nektar/nektar-5.6.0/utilities/NekMesh/Tests/Gmsh/v4.1/cube_hex.tst"
Directory: /work/ecseak05/ecseak05/jaya/nektar_basic/nektar/nektar-5.6.0/build/utilities/NekMesh
"NekMesh_Gmsh/v4.1/cube_hex" start time: Jul 10 12:50 BST
Output:
----------------------------------------------------------
<end of output>
Test time =   0.24 sec
----------------------------------------------------------
Test Passed.
"NekMesh_Gmsh/v4.1/cube_hex" end time: Jul 10 12:50 BST
"NekMesh_Gmsh/v4.1/cube_hex" time elapsed: 00:00:00
----------------------------------------------------------

35/892 Testing: NekMesh_Gmsh/v4.1/cube_all
35/892 Test: NekMesh_Gmsh/v4.1/cube_all
Command: "/work/ecseak05/ecseak05/jaya/nektar_basic/nektar/nektar-5.6.0/build/tests/Tester" "/work/ecseak05/ecseak05/jaya/nektar_basic/nektar/nektar-5.6.0/utilities/NekMesh/Tests/Gmsh/v4.1/cube_all.tst"
Directory: /work/ecseak05/ecseak05/jaya/nektar_basic/nektar/nektar-5.6.0/build/utilities/NekMesh
"NekMesh_Gmsh/v4.1/cube_all" start time: Jul 10 12:50 BST
Output:
----------------------------------------------------------
<end of output>
Test time =   0.28 sec
----------------------------------------------------------
Test Passed.
"NekMesh_Gmsh/v4.1/cube_all" end time: Jul 10 12:50 BST
"NekMesh_Gmsh/v4.1/cube_all" time elapsed: 00:00:00
----------------------------------------------------------

38/892 Testing: NekMesh_Gmsh/v4.1/cube_prism_lin
38/892 Test: NekMesh_Gmsh/v4.1/cube_prism_lin
Command: "/work/ecseak05/ecseak05/jaya/nektar_basic/nektar/nektar-5.6.0/build/tests/Tester" "/work/ecseak05/ecseak05/jaya/nektar_basic/nektar/nektar-5.6.0/utilities/NekMesh/Tests/Gmsh/v4.1/cube_prism_lin.tst"
Directory: /work/ecseak05/ecseak05/jaya/nektar_basic/nektar/nektar-5.6.0/build/utilities/NekMesh
"NekMesh_Gmsh/v4.1/cube_prism_lin" start time: Jul 10 12:50 BST
Output:
----------------------------------------------------------
<end of output>
Test time =   0.22 sec
----------------------------------------------------------
Test Passed.
"NekMesh_Gmsh/v4.1/cube_prism_lin" end time: Jul 10 12:50 BST
"NekMesh_Gmsh/v4.1/cube_prism_lin" time elapsed: 00:00:00
----------------------------------------------------------

39/892 Testing: NekMesh_Gmsh/v4.1/cube_prism
39/892 Test: NekMesh_Gmsh/v4.1/cube_prism
Command: "/work/ecseak05/ecseak05/jaya/nektar_basic/nektar/nektar-5.6.0/build/tests/Tester" "/work/ecseak05/ecseak05/jaya/nektar_basic/nektar/nektar-5.6.0/utilities/NekMesh/Tests/Gmsh/v4.1/cube_prism.tst"
Directory: /work/ecseak05/ecseak05/jaya/nektar_basic/nektar/nektar-5.6.0/build/utilities/NekMesh
"NekMesh_Gmsh/v4.1/cube_prism" start time: Jul 10 12:50 BST
Output:
----------------------------------------------------------
<end of output>
Test time =   0.26 sec
----------------------------------------------------------
Test Passed.
"NekMesh_Gmsh/v4.1/cube_prism" end time: Jul 10 12:50 BST
"NekMesh_Gmsh/v4.1/cube_prism" time elapsed: 00:00:00
----------------------------------------------------------

41/892 Testing: NekMesh_Gmsh/v4.1/extract_square_circ
41/892 Test: NekMesh_Gmsh/v4.1/extract_square_circ
Command: "/work/ecseak05/ecseak05/jaya/nektar_basic/nektar/nektar-5.6.0/build/tests/Tester" "/work/ecseak05/ecseak05/jaya/nektar_basic/nektar/nektar-5.6.0/utilities/NekMesh/Tests/Gmsh/v4.1/extract_square_circ.tst"
Directory: /work/ecseak05/ecseak05/jaya/nektar_basic/nektar/nektar-5.6.0/build/utilities/NekMesh
"NekMesh_Gmsh/v4.1/extract_square_circ" start time: Jul 10 12:50 BST
Output:
----------------------------------------------------------
<end of output>
Test time =   0.26 sec
----------------------------------------------------------
Test Passed.
"NekMesh_Gmsh/v4.1/extract_square_circ" end time: Jul 10 12:50 BST
"NekMesh_Gmsh/v4.1/extract_square_circ" time elapsed: 00:00:00
----------------------------------------------------------

2/892 Testing: NekMesh_Nektar++/bl_tube
2/892 Test: NekMesh_Nektar++/bl_tube
Command: "/work/ecseak05/ecseak05/jaya/nektar_basic/nektar/nektar-5.6.0/build/tests/Tester" "/work/ecseak05/ecseak05/jaya/nektar_basic/nektar/nektar-5.6.0/utilities/NekMesh/Tests/Nektar++/bl_tube.tst"
Directory: /work/ecseak05/ecseak05/jaya/nektar_basic/nektar/nektar-5.6.0/build/utilities/NekMesh
"NekMesh_Nektar++/bl_tube" start time: Jul 10 12:50 BST
Output:
----------------------------------------------------------
<end of output>
Test time =   0.87 sec
----------------------------------------------------------
Test Passed.
"NekMesh_Nektar++/bl_tube" end time: Jul 10 12:50 BST
"NekMesh_Nektar++/bl_tube" time elapsed: 00:00:00
----------------------------------------------------------

18/892 Testing: NekMesh_Gmsh/v2.2/cube_prism
18/892 Test: NekMesh_Gmsh/v2.2/cube_prism
Command: "/work/ecseak05/ecseak05/jaya/nektar_basic/nektar/nektar-5.6.0/build/tests/Tester" "/work/ecseak05/ecseak05/jaya/nektar_basic/nektar/nektar-5.6.0/utilities/NekMesh/Tests/Gmsh/v2.2/cube_prism.tst"
Directory: /work/ecseak05/ecseak05/jaya/nektar_basic/nektar/nektar-5.6.0/build/utilities/NekMesh
"NekMesh_Gmsh/v2.2/cube_prism" start time: Jul 10 12:50 BST
Output:
----------------------------------------------------------
<end of output>
Test time =   0.83 sec
----------------------------------------------------------
Test Passed.
"NekMesh_Gmsh/v2.2/cube_prism" end time: Jul 10 12:50 BST
"NekMesh_Gmsh/v2.2/cube_prism" time elapsed: 00:00:00
----------------------------------------------------------

44/892 Testing: NekMesh_Gmsh/v4.1/square_tri_lin
44/892 Test: NekMesh_Gmsh/v4.1/square_tri_lin
Command: "/work/ecseak05/ecseak05/jaya/nektar_basic/nektar/nektar-5.6.0/build/tests/Tester" "/work/ecseak05/ecseak05/jaya/nektar_basic/nektar/nektar-5.6.0/utilities/NekMesh/Tests/Gmsh/v4.1/square_tri_lin.tst"
Directory: /work/ecseak05/ecseak05/jaya/nektar_basic/nektar/nektar-5.6.0/build/utilities/NekMesh
"NekMesh_Gmsh/v4.1/square_tri_lin" start time: Jul 10 12:50 BST
Output:
----------------------------------------------------------
<end of output>
Test time =   0.27 sec
----------------------------------------------------------
Test Passed.
"NekMesh_Gmsh/v4.1/square_tri_lin" end time: Jul 10 12:50 BST
"NekMesh_Gmsh/v4.1/square_tri_lin" time elapsed: 00:00:00
----------------------------------------------------------

40/892 Testing: NekMesh_Gmsh/v4.1/cube_tet
40/892 Test: NekMesh_Gmsh/v4.1/cube_tet
Command: "/work/ecseak05/ecseak05/jaya/nektar_basic/nektar/nektar-5.6.0/build/tests/Tester" "/work/ecseak05/ecseak05/jaya/nektar_basic/nektar/nektar-5.6.0/utilities/NekMesh/Tests/Gmsh/v4.1/cube_tet.tst"
Directory: /work/ecseak05/ecseak05/jaya/nektar_basic/nektar/nektar-5.6.0/build/utilities/NekMesh
"NekMesh_Gmsh/v4.1/cube_tet" start time: Jul 10 12:50 BST
Output:
----------------------------------------------------------
<end of output>
Test time =   0.34 sec
----------------------------------------------------------
Test Passed.
"NekMesh_Gmsh/v4.1/cube_tet" end time: Jul 10 12:50 BST
"NekMesh_Gmsh/v4.1/cube_tet" time elapsed: 00:00:00
----------------------------------------------------------

43/892 Testing: NekMesh_Gmsh/v4.1/square_quad
43/892 Test: NekMesh_Gmsh/v4.1/square_quad
Command: "/work/ecseak05/ecseak05/jaya/nektar_basic/nektar/nektar-5.6.0/build/tests/Tester" "/work/ecseak05/ecseak05/jaya/nektar_basic/nektar/nektar-5.6.0/utilities/NekMesh/Tests/Gmsh/v4.1/square_quad.tst"
Directory: /work/ecseak05/ecseak05/jaya/nektar_basic/nektar/nektar-5.6.0/build/utilities/NekMesh
"NekMesh_Gmsh/v4.1/square_quad" start time: Jul 10 12:50 BST
Output:
----------------------------------------------------------
<end of output>
Test time =   0.30 sec
----------------------------------------------------------
Test Passed.
"NekMesh_Gmsh/v4.1/square_quad" end time: Jul 10 12:50 BST
"NekMesh_Gmsh/v4.1/square_quad" time elapsed: 00:00:00
----------------------------------------------------------

42/892 Testing: NekMesh_Gmsh/v4.1/square_quad_lin
42/892 Test: NekMesh_Gmsh/v4.1/square_quad_lin
Command: "/work/ecseak05/ecseak05/jaya/nektar_basic/nektar/nektar-5.6.0/build/tests/Tester" "/work/ecseak05/ecseak05/jaya/nektar_basic/nektar/nektar-5.6.0/utilities/NekMesh/Tests/Gmsh/v4.1/square_quad_lin.tst"
Directory: /work/ecseak05/ecseak05/jaya/nektar_basic/nektar/nektar-5.6.0/build/utilities/NekMesh
"NekMesh_Gmsh/v4.1/square_quad_lin" start time: Jul 10 12:50 BST
Output:
----------------------------------------------------------
<end of output>
Test time =   0.33 sec
----------------------------------------------------------
Test Passed.
"NekMesh_Gmsh/v4.1/square_quad_lin" end time: Jul 10 12:50 BST
"NekMesh_Gmsh/v4.1/square_quad_lin" time elapsed: 00:00:00
----------------------------------------------------------

45/892 Testing: NekMesh_Gmsh/v4.1/square_tri
45/892 Test: NekMesh_Gmsh/v4.1/square_tri
Command: "/work/ecseak05/ecseak05/jaya/nektar_basic/nektar/nektar-5.6.0/build/tests/Tester" "/work/ecseak05/ecseak05/jaya/nektar_basic/nektar/nektar-5.6.0/utilities/NekMesh/Tests/Gmsh/v4.1/square_tri.tst"
Directory: /work/ecseak05/ecseak05/jaya/nektar_basic/nektar/nektar-5.6.0/build/utilities/NekMesh
"NekMesh_Gmsh/v4.1/square_tri" start time: Jul 10 12:50 BST
Output:
----------------------------------------------------------
<end of output>
Test time =   0.29 sec
----------------------------------------------------------
Test Passed.
"NekMesh_Gmsh/v4.1/square_tri" end time: Jul 10 12:50 BST
"NekMesh_Gmsh/v4.1/square_tri" time elapsed: 00:00:00
----------------------------------------------------------

52/892 Testing: NekMesh_Nek5000/box
52/892 Test: NekMesh_Nek5000/box
Command: "/work/ecseak05/ecseak05/jaya/nektar_basic/nektar/nektar-5.6.0/build/tests/Tester" "/work/ecseak05/ecseak05/jaya/nektar_basic/nektar/nektar-5.6.0/utilities/NekMesh/Tests/Nek5000/box.tst"
Directory: /work/ecseak05/ecseak05/jaya/nektar_basic/nektar/nektar-5.6.0/build/utilities/NekMesh
"NekMesh_Nek5000/box" start time: Jul 10 12:50 BST
Output:
----------------------------------------------------------
<end of output>
Test time =   0.31 sec
----------------------------------------------------------
Test Passed.
"NekMesh_Nek5000/box" end time: Jul 10 12:50 BST
"NekMesh_Nek5000/box" time elapsed: 00:00:00
----------------------------------------------------------

46/892 Testing: NekMesh_Gmsh/v2.2/peralign_rot_cyl
46/892 Test: NekMesh_Gmsh/v2.2/peralign_rot_cyl
Command: "/work/ecseak05/ecseak05/jaya/nektar_basic/nektar/nektar-5.6.0/build/tests/Tester" "/work/ecseak05/ecseak05/jaya/nektar_basic/nektar/nektar-5.6.0/utilities/NekMesh/Tests/Gmsh/v2.2/peralign_rot_cyl.tst"
Directory: /work/ecseak05/ecseak05/jaya/nektar_basic/nektar/nektar-5.6.0/build/utilities/NekMesh
"NekMesh_Gmsh/v2.2/peralign_rot_cyl" start time: Jul 10 12:50 BST
Output:
----------------------------------------------------------
<end of output>
Test time =   0.48 sec
----------------------------------------------------------
Test Passed.
"NekMesh_Gmsh/v2.2/peralign_rot_cyl" end time: Jul 10 12:50 BST
"NekMesh_Gmsh/v2.2/peralign_rot_cyl" time elapsed: 00:00:00
----------------------------------------------------------

50/892 Testing: NekMesh_StarTec/peralign_bl_cube
50/892 Test: NekMesh_StarTec/peralign_bl_cube
Command: "/work/ecseak05/ecseak05/jaya/nektar_basic/nektar/nektar-5.6.0/build/tests/Tester" "/work/ecseak05/ecseak05/jaya/nektar_basic/nektar/nektar-5.6.0/utilities/NekMesh/Tests/StarTec/peralign_bl_cube.tst"
Directory: /work/ecseak05/ecseak05/jaya/nektar_basic/nektar/nektar-5.6.0/build/utilities/NekMesh
"NekMesh_StarTec/peralign_bl_cube" start time: Jul 10 12:50 BST
Output:
----------------------------------------------------------
<end of output>
Test time =   0.44 sec
----------------------------------------------------------
Test Passed.
"NekMesh_StarTec/peralign_bl_cube" end time: Jul 10 12:50 BST
"NekMesh_StarTec/peralign_bl_cube" time elapsed: 00:00:00
----------------------------------------------------------

21/892 Testing: NekMesh_Gmsh/v2.2/square_quad
21/892 Test: NekMesh_Gmsh/v2.2/square_quad
Command: "/work/ecseak05/ecseak05/jaya/nektar_basic/nektar/nektar-5.6.0/build/tests/Tester" "/work/ecseak05/ecseak05/jaya/nektar_basic/nektar/nektar-5.6.0/utilities/NekMesh/Tests/Gmsh/v2.2/square_quad.tst"
Directory: /work/ecseak05/ecseak05/jaya/nektar_basic/nektar/nektar-5.6.0/build/utilities/NekMesh
"NekMesh_Gmsh/v2.2/square_quad" start time: Jul 10 12:50 BST
Output:
----------------------------------------------------------
<end of output>
Test time =   1.41 sec
----------------------------------------------------------
Test Passed.
"NekMesh_Gmsh/v2.2/square_quad" end time: Jul 10 12:50 BST
"NekMesh_Gmsh/v2.2/square_quad" time elapsed: 00:00:01
----------------------------------------------------------

48/892 Testing: NekMesh_Gmsh/v2.2/varopti_naca
48/892 Test: NekMesh_Gmsh/v2.2/varopti_naca
Command: "/work/ecseak05/ecseak05/jaya/nektar_basic/nektar/nektar-5.6.0/build/tests/Tester" "/work/ecseak05/ecseak05/jaya/nektar_basic/nektar/nektar-5.6.0/utilities/NekMesh/Tests/Gmsh/v2.2/varopti_naca.tst"
Directory: /work/ecseak05/ecseak05/jaya/nektar_basic/nektar/nektar-5.6.0/build/utilities/NekMesh
"NekMesh_Gmsh/v2.2/varopti_naca" start time: Jul 10 12:50 BST
Output:
----------------------------------------------------------
<end of output>
Test time =   0.80 sec
----------------------------------------------------------
Test Passed.
"NekMesh_Gmsh/v2.2/varopti_naca" end time: Jul 10 12:50 BST
"NekMesh_Gmsh/v2.2/varopti_naca" time elapsed: 00:00:00
----------------------------------------------------------

55/892 Testing: FieldConvert_chan3D_interppointsbox
55/892 Test: FieldConvert_chan3D_interppointsbox
Command: "/work/ecseak05/ecseak05/jaya/nektar_basic/nektar/nektar-5.6.0/build/tests/Tester" "/work/ecseak05/ecseak05/jaya/nektar_basic/nektar/nektar-5.6.0/utilities/FieldConvert/Tests/chan3D_interppointsbox.tst"
Directory: /work/ecseak05/ecseak05/jaya/nektar_basic/nektar/nektar-5.6.0/build/utilities/FieldConvert
"FieldConvert_chan3D_interppointsbox" start time: Jul 10 12:50 BST
Output:
----------------------------------------------------------
<end of output>
Test time =   0.66 sec
----------------------------------------------------------
Test Passed.
"FieldConvert_chan3D_interppointsbox" end time: Jul 10 12:50 BST
"FieldConvert_chan3D_interppointsbox" time elapsed: 00:00:00
----------------------------------------------------------

53/892 Testing: FieldConvert_chan3D_tec_n10
53/892 Test: FieldConvert_chan3D_tec_n10
Command: "/work/ecseak05/ecseak05/jaya/nektar_basic/nektar/nektar-5.6.0/build/tests/Tester" "/work/ecseak05/ecseak05/jaya/nektar_basic/nektar/nektar-5.6.0/utilities/FieldConvert/Tests/chan3D_tec_n10.tst"
Directory: /work/ecseak05/ecseak05/jaya/nektar_basic/nektar/nektar-5.6.0/build/utilities/FieldConvert
"FieldConvert_chan3D_tec_n10" start time: Jul 10 12:50 BST
Output:
----------------------------------------------------------
<end of output>
Test time =   0.68 sec
----------------------------------------------------------
Test Passed.
"FieldConvert_chan3D_tec_n10" end time: Jul 10 12:50 BST
"FieldConvert_chan3D_tec_n10" time elapsed: 00:00:00
----------------------------------------------------------

54/892 Testing: FieldConvert_chan3D_interppointsplane
54/892 Test: FieldConvert_chan3D_interppointsplane
Command: "/work/ecseak05/ecseak05/jaya/nektar_basic/nektar/nektar-5.6.0/build/tests/Tester" "/work/ecseak05/ecseak05/jaya/nektar_basic/nektar/nektar-5.6.0/utilities/FieldConvert/Tests/chan3D_interppointsplane.tst"
Directory: /work/ecseak05/ecseak05/jaya/nektar_basic/nektar/nektar-5.6.0/build/utilities/FieldConvert
"FieldConvert_chan3D_interppointsplane" start time: Jul 10 12:50 BST
Output:
----------------------------------------------------------
<end of output>
Test time =   0.67 sec
----------------------------------------------------------
Test Passed.
"FieldConvert_chan3D_interppointsplane" end time: Jul 10 12:50 BST
"FieldConvert_chan3D_interppointsplane" time elapsed: 00:00:00
----------------------------------------------------------

56/892 Testing: FieldConvert_chan3DH1D_interppointsplane
56/892 Test: FieldConvert_chan3DH1D_interppointsplane
Command: "/work/ecseak05/ecseak05/jaya/nektar_basic/nektar/nektar-5.6.0/build/tests/Tester" "/work/ecseak05/ecseak05/jaya/nektar_basic/nektar/nektar-5.6.0/utilities/FieldConvert/Tests/chan3DH1D_interppointsplane.tst"
Directory: /work/ecseak05/ecseak05/jaya/nektar_basic/nektar/nektar-5.6.0/build/utilities/FieldConvert
"FieldConvert_chan3DH1D_interppointsplane" start time: Jul 10 12:50 BST
Output:
----------------------------------------------------------
<end of output>
Test time =   0.67 sec
----------------------------------------------------------
Test Passed.
"FieldConvert_chan3DH1D_interppointsplane" end time: Jul 10 12:50 BST
"FieldConvert_chan3DH1D_interppointsplane" time elapsed: 00:00:00
----------------------------------------------------------

57/892 Testing: FieldConvert_chan3DH1D_interppointsbox
57/892 Test: FieldConvert_chan3DH1D_interppointsbox
Command: "/work/ecseak05/ecseak05/jaya/nektar_basic/nektar/nektar-5.6.0/build/tests/Tester" "/work/ecseak05/ecseak05/jaya/nektar_basic/nektar/nektar-5.6.0/utilities/FieldConvert/Tests/chan3DH1D_interppointsbox.tst"
Directory: /work/ecseak05/ecseak05/jaya/nektar_basic/nektar/nektar-5.6.0/build/utilities/FieldConvert
"FieldConvert_chan3DH1D_interppointsbox" start time: Jul 10 12:50 BST
Output:
----------------------------------------------------------
<end of output>
Test time =   0.66 sec
----------------------------------------------------------
Test Passed.
"FieldConvert_chan3DH1D_interppointsbox" end time: Jul 10 12:50 BST
"FieldConvert_chan3DH1D_interppointsbox" time elapsed: 00:00:00
----------------------------------------------------------

51/892 Testing: NekMesh_Nek5000/annulus
51/892 Test: NekMesh_Nek5000/annulus
Command: "/work/ecseak05/ecseak05/jaya/nektar_basic/nektar/nektar-5.6.0/build/tests/Tester" "/work/ecseak05/ecseak05/jaya/nektar_basic/nektar/nektar-5.6.0/utilities/NekMesh/Tests/Nek5000/annulus.tst"
Directory: /work/ecseak05/ecseak05/jaya/nektar_basic/nektar/nektar-5.6.0/build/utilities/NekMesh
"NekMesh_Nek5000/annulus" start time: Jul 10 12:50 BST
Output:
----------------------------------------------------------
<end of output>
Test time =   0.75 sec
----------------------------------------------------------
Test Passed.
"NekMesh_Nek5000/annulus" end time: Jul 10 12:50 BST
"NekMesh_Nek5000/annulus" time elapsed: 00:00:00
----------------------------------------------------------

61/892 Testing: FieldConvert_bfs_probe
61/892 Test: FieldConvert_bfs_probe
Command: "/work/ecseak05/ecseak05/jaya/nektar_basic/nektar/nektar-5.6.0/build/tests/Tester" "/work/ecseak05/ecseak05/jaya/nektar_basic/nektar/nektar-5.6.0/utilities/FieldConvert/Tests/bfs_probe.tst"
Directory: /work/ecseak05/ecseak05/jaya/nektar_basic/nektar/nektar-5.6.0/build/utilities/FieldConvert
"FieldConvert_bfs_probe" start time: Jul 10 12:50 BST
Output:
----------------------------------------------------------
<end of output>
Test time =   0.42 sec
----------------------------------------------------------
Test Passed.
"FieldConvert_bfs_probe" end time: Jul 10 12:50 BST
"FieldConvert_bfs_probe" time elapsed: 00:00:00
----------------------------------------------------------

13/892 Testing: NekMesh_Nektar/tetsplit_tube
13/892 Test: NekMesh_Nektar/tetsplit_tube
Command: "/work/ecseak05/ecseak05/jaya/nektar_basic/nektar/nektar-5.6.0/build/tests/Tester" "/work/ecseak05/ecseak05/jaya/nektar_basic/nektar/nektar-5.6.0/utilities/NekMesh/Tests/Nektar/tetsplit_tube.tst"
Directory: /work/ecseak05/ecseak05/jaya/nektar_basic/nektar/nektar-5.6.0/build/utilities/NekMesh
"NekMesh_Nektar/tetsplit_tube" start time: Jul 10 12:50 BST
Output:
----------------------------------------------------------
<end of output>
Test time =   1.67 sec
----------------------------------------------------------
Test Passed.
"NekMesh_Nektar/tetsplit_tube" end time: Jul 10 12:50 BST
"NekMesh_Nektar/tetsplit_tube" time elapsed: 00:00:01
----------------------------------------------------------

49/892 Testing: NekMesh_Gmsh/v4.0/hdf5_cube_tet
49/892 Test: NekMesh_Gmsh/v4.0/hdf5_cube_tet
Command: "/work/ecseak05/ecseak05/jaya/nektar_basic/nektar/nektar-5.6.0/build/tests/Tester" "/work/ecseak05/ecseak05/jaya/nektar_basic/nektar/nektar-5.6.0/utilities/NekMesh/Tests/Gmsh/v4.0/hdf5_cube_tet.tst"
Directory: /work/ecseak05/ecseak05/jaya/nektar_basic/nektar/nektar-5.6.0/build/utilities/NekMesh
"NekMesh_Gmsh/v4.0/hdf5_cube_tet" start time: Jul 10 12:50 BST
Output:
----------------------------------------------------------
<end of output>
Test time =   0.98 sec
----------------------------------------------------------
Test Passed.
"NekMesh_Gmsh/v4.0/hdf5_cube_tet" end time: Jul 10 12:50 BST
"NekMesh_Gmsh/v4.0/hdf5_cube_tet" time elapsed: 00:00:00
----------------------------------------------------------

63/892 Testing: FieldConvert_bfs_tec_rng
63/892 Test: FieldConvert_bfs_tec_rng
Command: "/work/ecseak05/ecseak05/jaya/nektar_basic/nektar/nektar-5.6.0/build/tests/Tester" "/work/ecseak05/ecseak05/jaya/nektar_basic/nektar/nektar-5.6.0/utilities/FieldConvert/Tests/bfs_tec_rng.tst"
Directory: /work/ecseak05/ecseak05/jaya/nektar_basic/nektar/nektar-5.6.0/build/utilities/FieldConvert
"FieldConvert_bfs_tec_rng" start time: Jul 10 12:50 BST
Output:
----------------------------------------------------------
<end of output>
Test time =   0.32 sec
----------------------------------------------------------
Test Passed.
"FieldConvert_bfs_tec_rng" end time: Jul 10 12:50 BST
"FieldConvert_bfs_tec_rng" time elapsed: 00:00:00
----------------------------------------------------------

68/892 Testing: FieldConvert_chan3D_csv
68/892 Test: FieldConvert_chan3D_csv
Command: "/work/ecseak05/ecseak05/jaya/nektar_basic/nektar/nektar-5.6.0/build/tests/Tester" "/work/ecseak05/ecseak05/jaya/nektar_basic/nektar/nektar-5.6.0/utilities/FieldConvert/Tests/chan3D_csv.tst"
Directory: /work/ecseak05/ecseak05/jaya/nektar_basic/nektar/nektar-5.6.0/build/utilities/FieldConvert
"FieldConvert_chan3D_csv" start time: Jul 10 12:50 BST
Output:
----------------------------------------------------------
<end of output>
Test time =   0.26 sec
----------------------------------------------------------
Test Passed.
"FieldConvert_chan3D_csv" end time: Jul 10 12:50 BST
"FieldConvert_chan3D_csv" time elapsed: 00:00:00
----------------------------------------------------------

58/892 Testing: FieldConvert_chan_quad_interppointdatatofld
58/892 Test: FieldConvert_chan_quad_interppointdatatofld
Command: "/work/ecseak05/ecseak05/jaya/nektar_basic/nektar/nektar-5.6.0/build/tests/Tester" "/work/ecseak05/ecseak05/jaya/nektar_basic/nektar/nektar-5.6.0/utilities/FieldConvert/Tests/chan_quad_interppointdatatofld.tst"
Directory: /work/ecseak05/ecseak05/jaya/nektar_basic/nektar/nektar-5.6.0/build/utilities/FieldConvert
"FieldConvert_chan_quad_interppointdatatofld" start time: Jul 10 12:50 BST
Output:
----------------------------------------------------------
<end of output>
Test time =   0.94 sec
----------------------------------------------------------
Test Passed.
"FieldConvert_chan_quad_interppointdatatofld" end time: Jul 10 12:50 BST
"FieldConvert_chan_quad_interppointdatatofld" time elapsed: 00:00:00
----------------------------------------------------------

60/892 Testing: FieldConvert_compositeid
60/892 Test: FieldConvert_compositeid
Command: "/work/ecseak05/ecseak05/jaya/nektar_basic/nektar/nektar-5.6.0/build/tests/Tester" "/work/ecseak05/ecseak05/jaya/nektar_basic/nektar/nektar-5.6.0/utilities/FieldConvert/Tests/compositeid.tst"
Directory: /work/ecseak05/ecseak05/jaya/nektar_basic/nektar/nektar-5.6.0/build/utilities/FieldConvert
"FieldConvert_compositeid" start time: Jul 10 12:50 BST
Output:
----------------------------------------------------------
<end of output>
Test time =   0.70 sec
----------------------------------------------------------
Test Passed.
"FieldConvert_compositeid" end time: Jul 10 12:50 BST
"FieldConvert_compositeid" time elapsed: 00:00:00
----------------------------------------------------------

59/892 Testing: FieldConvert_chan_interpfield_nparts
59/892 Test: FieldConvert_chan_interpfield_nparts
Command: "/work/ecseak05/ecseak05/jaya/nektar_basic/nektar/nektar-5.6.0/build/tests/Tester" "/work/ecseak05/ecseak05/jaya/nektar_basic/nektar/nektar-5.6.0/utilities/FieldConvert/Tests/chan_interpfield_nparts.tst"
Directory: /work/ecseak05/ecseak05/jaya/nektar_basic/nektar/nektar-5.6.0/build/utilities/FieldConvert
"FieldConvert_chan_interpfield_nparts" start time: Jul 10 12:50 BST
Output:
----------------------------------------------------------
<end of output>
Test time =   0.78 sec
----------------------------------------------------------
Test Passed.
"FieldConvert_chan_interpfield_nparts" end time: Jul 10 12:50 BST
"FieldConvert_chan_interpfield_nparts" time elapsed: 00:00:00
----------------------------------------------------------

70/892 Testing: FieldConvert_chan3DH1D_meanmode
70/892 Test: FieldConvert_chan3DH1D_meanmode
Command: "/work/ecseak05/ecseak05/jaya/nektar_basic/nektar/nektar-5.6.0/build/tests/Tester" "/work/ecseak05/ecseak05/jaya/nektar_basic/nektar/nektar-5.6.0/utilities/FieldConvert/Tests/chan3DH1D_meanmode.tst"
Directory: /work/ecseak05/ecseak05/jaya/nektar_basic/nektar/nektar-5.6.0/build/utilities/FieldConvert
"FieldConvert_chan3DH1D_meanmode" start time: Jul 10 12:50 BST
Output:
----------------------------------------------------------
<end of output>
Test time =   0.30 sec
----------------------------------------------------------
Test Passed.
"FieldConvert_chan3DH1D_meanmode" end time: Jul 10 12:50 BST
"FieldConvert_chan3DH1D_meanmode" time elapsed: 00:00:00
----------------------------------------------------------

71/892 Testing: FieldConvert_chan3DH1D_cfl
71/892 Test: FieldConvert_chan3DH1D_cfl
Command: "/work/ecseak05/ecseak05/jaya/nektar_basic/nektar/nektar-5.6.0/build/tests/Tester" "/work/ecseak05/ecseak05/jaya/nektar_basic/nektar/nektar-5.6.0/utilities/FieldConvert/Tests/chan3DH1D_cfl.tst"
Directory: /work/ecseak05/ecseak05/jaya/nektar_basic/nektar/nektar-5.6.0/build/utilities/FieldConvert
"FieldConvert_chan3DH1D_cfl" start time: Jul 10 12:50 BST
Output:
----------------------------------------------------------
<end of output>
Test time =   0.32 sec
----------------------------------------------------------
Test Passed.
"FieldConvert_chan3DH1D_cfl" end time: Jul 10 12:50 BST
"FieldConvert_chan3DH1D_cfl" time elapsed: 00:00:00
----------------------------------------------------------

62/892 Testing: FieldConvert_bfs_tec
62/892 Test: FieldConvert_bfs_tec
Command: "/work/ecseak05/ecseak05/jaya/nektar_basic/nektar/nektar-5.6.0/build/tests/Tester" "/work/ecseak05/ecseak05/jaya/nektar_basic/nektar/nektar-5.6.0/utilities/FieldConvert/Tests/bfs_tec.tst"
Directory: /work/ecseak05/ecseak05/jaya/nektar_basic/nektar/nektar-5.6.0/build/utilities/FieldConvert
"FieldConvert_bfs_tec" start time: Jul 10 12:50 BST
Output:
----------------------------------------------------------
<end of output>
Test time =   0.53 sec
----------------------------------------------------------
Test Passed.
"FieldConvert_bfs_tec" end time: Jul 10 12:50 BST
"FieldConvert_bfs_tec" time elapsed: 00:00:00
----------------------------------------------------------

65/892 Testing: FieldConvert_bfs_vort_rng
65/892 Test: FieldConvert_bfs_vort_rng
Command: "/work/ecseak05/ecseak05/jaya/nektar_basic/nektar/nektar-5.6.0/build/tests/Tester" "/work/ecseak05/ecseak05/jaya/nektar_basic/nektar/nektar-5.6.0/utilities/FieldConvert/Tests/bfs_vort_rng.tst"
Directory: /work/ecseak05/ecseak05/jaya/nektar_basic/nektar/nektar-5.6.0/build/utilities/FieldConvert
"FieldConvert_bfs_vort_rng" start time: Jul 10 12:50 BST
Output:
----------------------------------------------------------
<end of output>
Test time =   0.47 sec
----------------------------------------------------------
Test Passed.
"FieldConvert_bfs_vort_rng" end time: Jul 10 12:50 BST
"FieldConvert_bfs_vort_rng" time elapsed: 00:00:00
----------------------------------------------------------

69/892 Testing: FieldConvert_chan3D_pts
69/892 Test: FieldConvert_chan3D_pts
Command: "/work/ecseak05/ecseak05/jaya/nektar_basic/nektar/nektar-5.6.0/build/tests/Tester" "/work/ecseak05/ecseak05/jaya/nektar_basic/nektar/nektar-5.6.0/utilities/FieldConvert/Tests/chan3D_pts.tst"
Directory: /work/ecseak05/ecseak05/jaya/nektar_basic/nektar/nektar-5.6.0/build/utilities/FieldConvert
"FieldConvert_chan3D_pts" start time: Jul 10 12:50 BST
Output:
----------------------------------------------------------
<end of output>
Test time =   0.45 sec
----------------------------------------------------------
Test Passed.
"FieldConvert_chan3D_pts" end time: Jul 10 12:50 BST
"FieldConvert_chan3D_pts" time elapsed: 00:00:00
----------------------------------------------------------

64/892 Testing: FieldConvert_bfs_vort
64/892 Test: FieldConvert_bfs_vort
Command: "/work/ecseak05/ecseak05/jaya/nektar_basic/nektar/nektar-5.6.0/build/tests/Tester" "/work/ecseak05/ecseak05/jaya/nektar_basic/nektar/nektar-5.6.0/utilities/FieldConvert/Tests/bfs_vort.tst"
Directory: /work/ecseak05/ecseak05/jaya/nektar_basic/nektar/nektar-5.6.0/build/utilities/FieldConvert
"FieldConvert_bfs_vort" start time: Jul 10 12:50 BST
Output:
----------------------------------------------------------
<end of output>
Test time =   0.49 sec
----------------------------------------------------------
Test Passed.
"FieldConvert_bfs_vort" end time: Jul 10 12:50 BST
"FieldConvert_bfs_vort" time elapsed: 00:00:00
----------------------------------------------------------

67/892 Testing: FieldConvert_pointdatatofld_csv_input
67/892 Test: FieldConvert_pointdatatofld_csv_input
Command: "/work/ecseak05/ecseak05/jaya/nektar_basic/nektar/nektar-5.6.0/build/tests/Tester" "/work/ecseak05/ecseak05/jaya/nektar_basic/nektar/nektar-5.6.0/utilities/FieldConvert/Tests/pointdatatofld_csv_input.tst"
Directory: /work/ecseak05/ecseak05/jaya/nektar_basic/nektar/nektar-5.6.0/build/utilities/FieldConvert
"FieldConvert_pointdatatofld_csv_input" start time: Jul 10 12:50 BST
Output:
----------------------------------------------------------
<end of output>
Test time =   0.51 sec
----------------------------------------------------------
Test Passed.
"FieldConvert_pointdatatofld_csv_input" end time: Jul 10 12:50 BST
"FieldConvert_pointdatatofld_csv_input" time elapsed: 00:00:00
----------------------------------------------------------

72/892 Testing: FieldConvert_chan3DH1D_cfl_meanmode
72/892 Test: FieldConvert_chan3DH1D_cfl_meanmode
Command: "/work/ecseak05/ecseak05/jaya/nektar_basic/nektar/nektar-5.6.0/build/tests/Tester" "/work/ecseak05/ecseak05/jaya/nektar_basic/nektar/nektar-5.6.0/utilities/FieldConvert/Tests/chan3DH1D_cfl_meanmode.tst"
Directory: /work/ecseak05/ecseak05/jaya/nektar_basic/nektar/nektar-5.6.0/build/utilities/FieldConvert
"FieldConvert_chan3DH1D_cfl_meanmode" start time: Jul 10 12:50 BST
Output:
----------------------------------------------------------
<end of output>
Test time =   0.38 sec
----------------------------------------------------------
Test Passed.
"FieldConvert_chan3DH1D_cfl_meanmode" end time: Jul 10 12:50 BST
"FieldConvert_chan3DH1D_cfl_meanmode" time elapsed: 00:00:00
----------------------------------------------------------

66/892 Testing: FieldConvert_pointdatatofld
66/892 Test: FieldConvert_pointdatatofld
Command: "/work/ecseak05/ecseak05/jaya/nektar_basic/nektar/nektar-5.6.0/build/tests/Tester" "/work/ecseak05/ecseak05/jaya/nektar_basic/nektar/nektar-5.6.0/utilities/FieldConvert/Tests/pointdatatofld.tst"
Directory: /work/ecseak05/ecseak05/jaya/nektar_basic/nektar/nektar-5.6.0/build/utilities/FieldConvert
"FieldConvert_pointdatatofld" start time: Jul 10 12:50 BST
Output:
----------------------------------------------------------
<end of output>
Test time =   0.62 sec
----------------------------------------------------------
Test Passed.
"FieldConvert_pointdatatofld" end time: Jul 10 12:50 BST
"FieldConvert_pointdatatofld" time elapsed: 00:00:00
----------------------------------------------------------

73/892 Testing: FieldConvert_chan3DH1D_plane
73/892 Test: FieldConvert_chan3DH1D_plane
Command: "/work/ecseak05/ecseak05/jaya/nektar_basic/nektar/nektar-5.6.0/build/tests/Tester" "/work/ecseak05/ecseak05/jaya/nektar_basic/nektar/nektar-5.6.0/utilities/FieldConvert/Tests/chan3DH1D_plane.tst"
Directory: /work/ecseak05/ecseak05/jaya/nektar_basic/nektar/nektar-5.6.0/build/utilities/FieldConvert
"FieldConvert_chan3DH1D_plane" start time: Jul 10 12:50 BST
Output:
----------------------------------------------------------
<end of output>
Test time =   0.37 sec
----------------------------------------------------------
Test Passed.
"FieldConvert_chan3DH1D_plane" end time: Jul 10 12:50 BST
"FieldConvert_chan3DH1D_plane" time elapsed: 00:00:00
----------------------------------------------------------

74/892 Testing: FieldConvert_chan3DH1D_stretch
74/892 Test: FieldConvert_chan3DH1D_stretch
Command: "/work/ecseak05/ecseak05/jaya/nektar_basic/nektar/nektar-5.6.0/build/tests/Tester" "/work/ecseak05/ecseak05/jaya/nektar_basic/nektar/nektar-5.6.0/utilities/FieldConvert/Tests/chan3DH1D_stretch.tst"
Directory: /work/ecseak05/ecseak05/jaya/nektar_basic/nektar/nektar-5.6.0/build/utilities/FieldConvert
"FieldConvert_chan3DH1D_stretch" start time: Jul 10 12:50 BST
Output:
----------------------------------------------------------
<end of output>
Test time =   0.54 sec
----------------------------------------------------------
Test Passed.
"FieldConvert_chan3DH1D_stretch" end time: Jul 10 12:50 BST
"FieldConvert_chan3DH1D_stretch" time elapsed: 00:00:00
----------------------------------------------------------

75/892 Testing: FieldConvert_chan3D_modp
75/892 Test: FieldConvert_chan3D_modp
Command: "/work/ecseak05/ecseak05/jaya/nektar_basic/nektar/nektar-5.6.0/build/tests/Tester" "/work/ecseak05/ecseak05/jaya/nektar_basic/nektar/nektar-5.6.0/utilities/FieldConvert/Tests/chan3D_modp.tst"
Directory: /work/ecseak05/ecseak05/jaya/nektar_basic/nektar/nektar-5.6.0/build/utilities/FieldConvert
"FieldConvert_chan3D_modp" start time: Jul 10 12:50 BST
Output:
----------------------------------------------------------
<end of output>
Test time =   0.55 sec
----------------------------------------------------------
Test Passed.
"FieldConvert_chan3D_modp" end time: Jul 10 12:50 BST
"FieldConvert_chan3D_modp" time elapsed: 00:00:00
----------------------------------------------------------

76/892 Testing: FieldConvert_chan3D_probe
76/892 Test: FieldConvert_chan3D_probe
Command: "/work/ecseak05/ecseak05/jaya/nektar_basic/nektar/nektar-5.6.0/build/tests/Tester" "/work/ecseak05/ecseak05/jaya/nektar_basic/nektar/nektar-5.6.0/utilities/FieldConvert/Tests/chan3D_probe.tst"
Directory: /work/ecseak05/ecseak05/jaya/nektar_basic/nektar/nektar-5.6.0/build/utilities/FieldConvert
"FieldConvert_chan3D_probe" start time: Jul 10 12:50 BST
Output:
----------------------------------------------------------
<end of output>
Test time =   0.62 sec
----------------------------------------------------------
Test Passed.
"FieldConvert_chan3D_probe" end time: Jul 10 12:50 BST
"FieldConvert_chan3D_probe" time elapsed: 00:00:00
----------------------------------------------------------

79/892 Testing: FieldConvert_chan3D_equispacedoutput
79/892 Test: FieldConvert_chan3D_equispacedoutput
Command: "/work/ecseak05/ecseak05/jaya/nektar_basic/nektar/nektar-5.6.0/build/tests/Tester" "/work/ecseak05/ecseak05/jaya/nektar_basic/nektar/nektar-5.6.0/utilities/FieldConvert/Tests/chan3D_equispacedoutput.tst"
Directory: /work/ecseak05/ecseak05/jaya/nektar_basic/nektar/nektar-5.6.0/build/utilities/FieldConvert
"FieldConvert_chan3D_equispacedoutput" start time: Jul 10 12:50 BST
Output:
----------------------------------------------------------
<end of output>
Test time =   0.51 sec
----------------------------------------------------------
Test Passed.
"FieldConvert_chan3D_equispacedoutput" end time: Jul 10 12:50 BST
"FieldConvert_chan3D_equispacedoutput" time elapsed: 00:00:00
----------------------------------------------------------

78/892 Testing: FieldConvert_cube_prismhex_range
78/892 Test: FieldConvert_cube_prismhex_range
Command: "/work/ecseak05/ecseak05/jaya/nektar_basic/nektar/nektar-5.6.0/build/tests/Tester" "/work/ecseak05/ecseak05/jaya/nektar_basic/nektar/nektar-5.6.0/utilities/FieldConvert/Tests/cube_prismhex_range.tst"
Directory: /work/ecseak05/ecseak05/jaya/nektar_basic/nektar/nektar-5.6.0/build/utilities/FieldConvert
"FieldConvert_cube_prismhex_range" start time: Jul 10 12:50 BST
Output:
----------------------------------------------------------
<end of output>
Test time =   0.56 sec
----------------------------------------------------------
Test Passed.
"FieldConvert_cube_prismhex_range" end time: Jul 10 12:50 BST
"FieldConvert_cube_prismhex_range" time elapsed: 00:00:00
----------------------------------------------------------

80/892 Testing: FieldConvert_chan3D_isocontour
80/892 Test: FieldConvert_chan3D_isocontour
Command: "/work/ecseak05/ecseak05/jaya/nektar_basic/nektar/nektar-5.6.0/build/tests/Tester" "/work/ecseak05/ecseak05/jaya/nektar_basic/nektar/nektar-5.6.0/utilities/FieldConvert/Tests/chan3D_isocontour.tst"
Directory: /work/ecseak05/ecseak05/jaya/nektar_basic/nektar/nektar-5.6.0/build/utilities/FieldConvert
"FieldConvert_chan3D_isocontour" start time: Jul 10 12:50 BST
Output:
----------------------------------------------------------
<end of output>
Test time =   0.53 sec
----------------------------------------------------------
Test Passed.
"FieldConvert_chan3D_isocontour" end time: Jul 10 12:50 BST
"FieldConvert_chan3D_isocontour" time elapsed: 00:00:00
----------------------------------------------------------

77/892 Testing: FieldConvert_cube_prismhex
77/892 Test: FieldConvert_cube_prismhex
Command: "/work/ecseak05/ecseak05/jaya/nektar_basic/nektar/nektar-5.6.0/build/tests/Tester" "/work/ecseak05/ecseak05/jaya/nektar_basic/nektar/nektar-5.6.0/utilities/FieldConvert/Tests/cube_prismhex.tst"
Directory: /work/ecseak05/ecseak05/jaya/nektar_basic/nektar/nektar-5.6.0/build/utilities/FieldConvert
"FieldConvert_cube_prismhex" start time: Jul 10 12:50 BST
Output:
----------------------------------------------------------
<end of output>
Test time =   0.63 sec
----------------------------------------------------------
Test Passed.
"FieldConvert_cube_prismhex" end time: Jul 10 12:50 BST
"FieldConvert_cube_prismhex" time elapsed: 00:00:00
----------------------------------------------------------

83/892 Testing: FieldConvert_interpfieldline
83/892 Test: FieldConvert_interpfieldline
Command: "/work/ecseak05/ecseak05/jaya/nektar_basic/nektar/nektar-5.6.0/build/tests/Tester" "/work/ecseak05/ecseak05/jaya/nektar_basic/nektar/nektar-5.6.0/utilities/FieldConvert/Tests/interpfieldline.tst"
Directory: /work/ecseak05/ecseak05/jaya/nektar_basic/nektar/nektar-5.6.0/build/utilities/FieldConvert
"FieldConvert_interpfieldline" start time: Jul 10 12:50 BST
Output:
----------------------------------------------------------
<end of output>
Test time =   0.53 sec
----------------------------------------------------------
Test Passed.
"FieldConvert_interpfieldline" end time: Jul 10 12:50 BST
"FieldConvert_interpfieldline" time elapsed: 00:00:00
----------------------------------------------------------

81/892 Testing: FieldConvert_chan3D_cfl
81/892 Test: FieldConvert_chan3D_cfl
Command: "/work/ecseak05/ecseak05/jaya/nektar_basic/nektar/nektar-5.6.0/build/tests/Tester" "/work/ecseak05/ecseak05/jaya/nektar_basic/nektar/nektar-5.6.0/utilities/FieldConvert/Tests/chan3D_cfl.tst"
Directory: /work/ecseak05/ecseak05/jaya/nektar_basic/nektar/nektar-5.6.0/build/utilities/FieldConvert
"FieldConvert_chan3D_cfl" start time: Jul 10 12:50 BST
Output:
----------------------------------------------------------
<end of output>
Test time =   0.57 sec
----------------------------------------------------------
Test Passed.
"FieldConvert_chan3D_cfl" end time: Jul 10 12:50 BST
"FieldConvert_chan3D_cfl" time elapsed: 00:00:00
----------------------------------------------------------

84/892 Testing: FieldConvert_interpfield_4tri_to_1tri
84/892 Test: FieldConvert_interpfield_4tri_to_1tri
Command: "/work/ecseak05/ecseak05/jaya/nektar_basic/nektar/nektar-5.6.0/build/tests/Tester" "/work/ecseak05/ecseak05/jaya/nektar_basic/nektar/nektar-5.6.0/utilities/FieldConvert/Tests/interpfield_4tri_to_1tri.tst"
Directory: /work/ecseak05/ecseak05/jaya/nektar_basic/nektar/nektar-5.6.0/build/utilities/FieldConvert
"FieldConvert_interpfield_4tri_to_1tri" start time: Jul 10 12:50 BST
Output:
----------------------------------------------------------
<end of output>
Test time =   0.53 sec
----------------------------------------------------------
Test Passed.
"FieldConvert_interpfield_4tri_to_1tri" end time: Jul 10 12:50 BST
"FieldConvert_interpfield_4tri_to_1tri" time elapsed: 00:00:00
----------------------------------------------------------

87/892 Testing: FieldConvert_interpfield_chan3DH1D_to_hex
87/892 Test: FieldConvert_interpfield_chan3DH1D_to_hex
Command: "/work/ecseak05/ecseak05/jaya/nektar_basic/nektar/nektar-5.6.0/build/tests/Tester" "/work/ecseak05/ecseak05/jaya/nektar_basic/nektar/nektar-5.6.0/utilities/FieldConvert/Tests/interpfield_chan3DH1D_to_hex.tst"
Directory: /work/ecseak05/ecseak05/jaya/nektar_basic/nektar/nektar-5.6.0/build/utilities/FieldConvert
"FieldConvert_interpfield_chan3DH1D_to_hex" start time: Jul 10 12:50 BST
Output:
----------------------------------------------------------
<end of output>
Test time =   0.40 sec
----------------------------------------------------------
Test Passed.
"FieldConvert_interpfield_chan3DH1D_to_hex" end time: Jul 10 12:50 BST
"FieldConvert_interpfield_chan3DH1D_to_hex" time elapsed: 00:00:00
----------------------------------------------------------

86/892 Testing: FieldConvert_interpfield_chan3DH1D_to_chan3DH1D
86/892 Test: FieldConvert_interpfield_chan3DH1D_to_chan3DH1D
Command: "/work/ecseak05/ecseak05/jaya/nektar_basic/nektar/nektar-5.6.0/build/tests/Tester" "/work/ecseak05/ecseak05/jaya/nektar_basic/nektar/nektar-5.6.0/utilities/FieldConvert/Tests/interpfield_chan3DH1D_to_chan3DH1D.tst"
Directory: /work/ecseak05/ecseak05/jaya/nektar_basic/nektar/nektar-5.6.0/build/utilities/FieldConvert
"FieldConvert_interpfield_chan3DH1D_to_chan3DH1D" start time: Jul 10 12:50 BST
Output:
----------------------------------------------------------
<end of output>
Test time =   0.44 sec
----------------------------------------------------------
Test Passed.
"FieldConvert_interpfield_chan3DH1D_to_chan3DH1D" end time: Jul 10 12:50 BST
"FieldConvert_interpfield_chan3DH1D_to_chan3DH1D" time elapsed: 00:00:00
----------------------------------------------------------

85/892 Testing: FieldConvert_interpfield_4quad_to_6tri
85/892 Test: FieldConvert_interpfield_4quad_to_6tri
Command: "/work/ecseak05/ecseak05/jaya/nektar_basic/nektar/nektar-5.6.0/build/tests/Tester" "/work/ecseak05/ecseak05/jaya/nektar_basic/nektar/nektar-5.6.0/utilities/FieldConvert/Tests/interpfield_4quad_to_6tri.tst"
Directory: /work/ecseak05/ecseak05/jaya/nektar_basic/nektar/nektar-5.6.0/build/utilities/FieldConvert
"FieldConvert_interpfield_4quad_to_6tri" start time: Jul 10 12:50 BST
Output:
----------------------------------------------------------
<end of output>
Test time =   0.56 sec
----------------------------------------------------------
Test Passed.
"FieldConvert_interpfield_4quad_to_6tri" end time: Jul 10 12:50 BST
"FieldConvert_interpfield_4quad_to_6tri" time elapsed: 00:00:00
----------------------------------------------------------

88/892 Testing: FieldConvert_interpfield_hex_to_chan3DH1D
88/892 Test: FieldConvert_interpfield_hex_to_chan3DH1D
Command: "/work/ecseak05/ecseak05/jaya/nektar_basic/nektar/nektar-5.6.0/build/tests/Tester" "/work/ecseak05/ecseak05/jaya/nektar_basic/nektar/nektar-5.6.0/utilities/FieldConvert/Tests/interpfield_hex_to_chan3DH1D.tst"
Directory: /work/ecseak05/ecseak05/jaya/nektar_basic/nektar/nektar-5.6.0/build/utilities/FieldConvert
"FieldConvert_interpfield_hex_to_chan3DH1D" start time: Jul 10 12:50 BST
Output:
----------------------------------------------------------
<end of output>
Test time =   0.34 sec
----------------------------------------------------------
Test Passed.
"FieldConvert_interpfield_hex_to_chan3DH1D" end time: Jul 10 12:50 BST
"FieldConvert_interpfield_hex_to_chan3DH1D" time elapsed: 00:00:00
----------------------------------------------------------

89/892 Testing: FieldConvert_naca0012_bnd_equispacedoutput
89/892 Test: FieldConvert_naca0012_bnd_equispacedoutput
Command: "/work/ecseak05/ecseak05/jaya/nektar_basic/nektar/nektar-5.6.0/build/tests/Tester" "/work/ecseak05/ecseak05/jaya/nektar_basic/nektar/nektar-5.6.0/utilities/FieldConvert/Tests/naca0012_bnd_equispacedoutput.tst"
Directory: /work/ecseak05/ecseak05/jaya/nektar_basic/nektar/nektar-5.6.0/build/utilities/FieldConvert
"FieldConvert_naca0012_bnd_equispacedoutput" start time: Jul 10 12:50 BST
Output:
----------------------------------------------------------
<end of output>
Test time =   0.35 sec
----------------------------------------------------------
Test Passed.
"FieldConvert_naca0012_bnd_equispacedoutput" end time: Jul 10 12:50 BST
"FieldConvert_naca0012_bnd_equispacedoutput" time elapsed: 00:00:00
----------------------------------------------------------

91/892 Testing: FieldConvert_kovas2
91/892 Test: FieldConvert_kovas2
Command: "/work/ecseak05/ecseak05/jaya/nektar_basic/nektar/nektar-5.6.0/build/tests/Tester" "/work/ecseak05/ecseak05/jaya/nektar_basic/nektar/nektar-5.6.0/utilities/FieldConvert/Tests/kovas2.tst"
Directory: /work/ecseak05/ecseak05/jaya/nektar_basic/nektar/nektar-5.6.0/build/utilities/FieldConvert
"FieldConvert_kovas2" start time: Jul 10 12:50 BST
Output:
----------------------------------------------------------
<end of output>
Test time =   0.29 sec
----------------------------------------------------------
Test Passed.
"FieldConvert_kovas2" end time: Jul 10 12:50 BST
"FieldConvert_kovas2" time elapsed: 00:00:00
----------------------------------------------------------

92/892 Testing: FieldConvert_chan3D_interppointdatatofld
92/892 Test: FieldConvert_chan3D_interppointdatatofld
Command: "/work/ecseak05/ecseak05/jaya/nektar_basic/nektar/nektar-5.6.0/build/tests/Tester" "/work/ecseak05/ecseak05/jaya/nektar_basic/nektar/nektar-5.6.0/utilities/FieldConvert/Tests/chan3D_interppointdatatofld.tst"
Directory: /work/ecseak05/ecseak05/jaya/nektar_basic/nektar/nektar-5.6.0/build/utilities/FieldConvert
"FieldConvert_chan3D_interppointdatatofld" start time: Jul 10 12:50 BST
Output:
----------------------------------------------------------
<end of output>
Test time =   0.30 sec
----------------------------------------------------------
Test Passed.
"FieldConvert_chan3D_interppointdatatofld" end time: Jul 10 12:50 BST
"FieldConvert_chan3D_interppointdatatofld" time elapsed: 00:00:00
----------------------------------------------------------

94/892 Testing: FieldConvert_chan3D_ptsTocsv
94/892 Test: FieldConvert_chan3D_ptsTocsv
Command: "/work/ecseak05/ecseak05/jaya/nektar_basic/nektar/nektar-5.6.0/build/tests/Tester" "/work/ecseak05/ecseak05/jaya/nektar_basic/nektar/nektar-5.6.0/utilities/FieldConvert/Tests/chan3D_ptsTocsv.tst"
Directory: /work/ecseak05/ecseak05/jaya/nektar_basic/nektar/nektar-5.6.0/build/utilities/FieldConvert
"FieldConvert_chan3D_ptsTocsv" start time: Jul 10 12:50 BST
Output:
----------------------------------------------------------
<end of output>
Test time =   0.27 sec
----------------------------------------------------------
Test Passed.
"FieldConvert_chan3D_ptsTocsv" end time: Jul 10 12:50 BST
"FieldConvert_chan3D_ptsTocsv" time elapsed: 00:00:00
----------------------------------------------------------

95/892 Testing: FieldConvert_chan3D_csvTopts
95/892 Test: FieldConvert_chan3D_csvTopts
Command: "/work/ecseak05/ecseak05/jaya/nektar_basic/nektar/nektar-5.6.0/build/tests/Tester" "/work/ecseak05/ecseak05/jaya/nektar_basic/nektar/nektar-5.6.0/utilities/FieldConvert/Tests/chan3D_csvTopts.tst"
Directory: /work/ecseak05/ecseak05/jaya/nektar_basic/nektar/nektar-5.6.0/build/utilities/FieldConvert
"FieldConvert_chan3D_csvTopts" start time: Jul 10 12:50 BST
Output:
----------------------------------------------------------
<end of output>
Test time =   0.26 sec
----------------------------------------------------------
Test Passed.
"FieldConvert_chan3D_csvTopts" end time: Jul 10 12:50 BST
"FieldConvert_chan3D_csvTopts" time elapsed: 00:00:00
----------------------------------------------------------

97/892 Testing: FieldConvert_chan3D_div
97/892 Test: FieldConvert_chan3D_div
Command: "/work/ecseak05/ecseak05/jaya/nektar_basic/nektar/nektar-5.6.0/build/tests/Tester" "/work/ecseak05/ecseak05/jaya/nektar_basic/nektar/nektar-5.6.0/utilities/FieldConvert/Tests/chan3D_div.tst"
Directory: /work/ecseak05/ecseak05/jaya/nektar_basic/nektar/nektar-5.6.0/build/utilities/FieldConvert
"FieldConvert_chan3D_div" start time: Jul 10 12:50 BST
Output:
----------------------------------------------------------
<end of output>
Test time =   0.30 sec
----------------------------------------------------------
Test Passed.
"FieldConvert_chan3D_div" end time: Jul 10 12:50 BST
"FieldConvert_chan3D_div" time elapsed: 00:00:00
----------------------------------------------------------

99/892 Testing: FieldConvert_wss_3D_periodic
99/892 Test: FieldConvert_wss_3D_periodic
Command: "/work/ecseak05/ecseak05/jaya/nektar_basic/nektar/nektar-5.6.0/build/tests/Tester" "/work/ecseak05/ecseak05/jaya/nektar_basic/nektar/nektar-5.6.0/utilities/FieldConvert/Tests/wss_3D_periodic.tst"
Directory: /work/ecseak05/ecseak05/jaya/nektar_basic/nektar/nektar-5.6.0/build/utilities/FieldConvert
"FieldConvert_wss_3D_periodic" start time: Jul 10 12:50 BST
Output:
----------------------------------------------------------
<end of output>
Test time =   0.31 sec
----------------------------------------------------------
Test Passed.
"FieldConvert_wss_3D_periodic" end time: Jul 10 12:50 BST
"FieldConvert_wss_3D_periodic" time elapsed: 00:00:00
----------------------------------------------------------

100/892 Testing: FieldConvert_scale_compressed_2D
100/892 Test: FieldConvert_scale_compressed_2D
Command: "/work/ecseak05/ecseak05/jaya/nektar_basic/nektar/nektar-5.6.0/build/tests/Tester" "/work/ecseak05/ecseak05/jaya/nektar_basic/nektar/nektar-5.6.0/utilities/FieldConvert/Tests/scale_compressed_2D.tst"
Directory: /work/ecseak05/ecseak05/jaya/nektar_basic/nektar/nektar-5.6.0/build/utilities/FieldConvert
"FieldConvert_scale_compressed_2D" start time: Jul 10 12:50 BST
Output:
----------------------------------------------------------
<end of output>
Test time =   0.30 sec
----------------------------------------------------------
Test Passed.
"FieldConvert_scale_compressed_2D" end time: Jul 10 12:50 BST
"FieldConvert_scale_compressed_2D" time elapsed: 00:00:00
----------------------------------------------------------

98/892 Testing: FieldConvert_taylor_vortex_2D_div
98/892 Test: FieldConvert_taylor_vortex_2D_div
Command: "/work/ecseak05/ecseak05/jaya/nektar_basic/nektar/nektar-5.6.0/build/tests/Tester" "/work/ecseak05/ecseak05/jaya/nektar_basic/nektar/nektar-5.6.0/utilities/FieldConvert/Tests/taylor_vortex_2D_div.tst"
Directory: /work/ecseak05/ecseak05/jaya/nektar_basic/nektar/nektar-5.6.0/build/utilities/FieldConvert
"FieldConvert_taylor_vortex_2D_div" start time: Jul 10 12:50 BST
Output:
----------------------------------------------------------
<end of output>
Test time =   0.37 sec
----------------------------------------------------------
Test Passed.
"FieldConvert_taylor_vortex_2D_div" end time: Jul 10 12:50 BST
"FieldConvert_taylor_vortex_2D_div" time elapsed: 00:00:00
----------------------------------------------------------

90/892 Testing: FieldConvert_smallmesh_isocontour
90/892 Test: FieldConvert_smallmesh_isocontour
Command: "/work/ecseak05/ecseak05/jaya/nektar_basic/nektar/nektar-5.6.0/build/tests/Tester" "/work/ecseak05/ecseak05/jaya/nektar_basic/nektar/nektar-5.6.0/utilities/FieldConvert/Tests/smallmesh_isocontour.tst"
Directory: /work/ecseak05/ecseak05/jaya/nektar_basic/nektar/nektar-5.6.0/build/utilities/FieldConvert
"FieldConvert_smallmesh_isocontour" start time: Jul 10 12:50 BST
Output:
----------------------------------------------------------
<end of output>
Test time =   0.51 sec
----------------------------------------------------------
Test Passed.
"FieldConvert_smallmesh_isocontour" end time: Jul 10 12:50 BST
"FieldConvert_smallmesh_isocontour" time elapsed: 00:00:00
----------------------------------------------------------

47/892 Testing: NekMesh_Gmsh/v2.2/varopti_cube_sphere
47/892 Test: NekMesh_Gmsh/v2.2/varopti_cube_sphere
Command: "/work/ecseak05/ecseak05/jaya/nektar_basic/nektar/nektar-5.6.0/build/tests/Tester" "/work/ecseak05/ecseak05/jaya/nektar_basic/nektar/nektar-5.6.0/utilities/NekMesh/Tests/Gmsh/v2.2/varopti_cube_sphere.tst"
Directory: /work/ecseak05/ecseak05/jaya/nektar_basic/nektar/nektar-5.6.0/build/utilities/NekMesh
"NekMesh_Gmsh/v2.2/varopti_cube_sphere" start time: Jul 10 12:50 BST
Output:
----------------------------------------------------------
<end of output>
Test time =   2.32 sec
----------------------------------------------------------
Test Passed.
"NekMesh_Gmsh/v2.2/varopti_cube_sphere" end time: Jul 10 12:50 BST
"NekMesh_Gmsh/v2.2/varopti_cube_sphere" time elapsed: 00:00:02
----------------------------------------------------------

112/892 Testing: FieldConvert_chan3D_tec_par
112/892 Test: FieldConvert_chan3D_tec_par
Command: "/work/ecseak05/ecseak05/jaya/nektar_basic/nektar/nektar-5.6.0/build/tests/Tester" "/work/ecseak05/ecseak05/jaya/nektar_basic/nektar/nektar-5.6.0/utilities/FieldConvert/Tests/chan3D_tec_par.tst"
Directory: /work/ecseak05/ecseak05/jaya/nektar_basic/nektar/nektar-5.6.0/build/utilities/FieldConvert
"FieldConvert_chan3D_tec_par" start time: Jul 10 12:50 BST
Output:
----------------------------------------------------------
Error occurred running test:
Command: "mpirun" -np 2 /mnt/lustre/a2fs-work2/work/ecseak05/ecseak05/jaya/nektar_basic/nektar/nektar-5.6.0/build/utilities/FieldConvert/FieldConvert -f -e chan3D.xml chan3D.fld chan3D.dat 1>output.out 2>output.err
=== Output ===

=== Errors ===
sh: mpirun: command not found

<end of output>
Test time =   0.13 sec
----------------------------------------------------------
Test Failed.
"FieldConvert_chan3D_tec_par" end time: Jul 10 12:50 BST
"FieldConvert_chan3D_tec_par" time elapsed: 00:00:00
----------------------------------------------------------

105/892 Testing: FieldConvert_bndextract
105/892 Test: FieldConvert_bndextract
Command: "/work/ecseak05/ecseak05/jaya/nektar_basic/nektar/nektar-5.6.0/build/tests/Tester" "/work/ecseak05/ecseak05/jaya/nektar_basic/nektar/nektar-5.6.0/utilities/FieldConvert/Tests/bndextract.tst"
Directory: /work/ecseak05/ecseak05/jaya/nektar_basic/nektar/nektar-5.6.0/build/utilities/FieldConvert
"FieldConvert_bndextract" start time: Jul 10 12:50 BST
Output:
----------------------------------------------------------
<end of output>
Test time =   0.37 sec
[...]
"MultiRegions_Helmholtz2D_CG_P7_Modes_AllBCs_iter_ml" start time: Jul 10 12:51 BST
Output:
----------------------------------------------------------
<end of output>
Test time =   0.22 sec
----------------------------------------------------------
Test Passed.
"MultiRegions_Helmholtz2D_CG_P7_Modes_AllBCs_iter_ml" end time: Jul 10 12:51 BST
"MultiRegions_Helmholtz2D_CG_P7_Modes_AllBCs_iter_ml" time elapsed: 00:00:00
----------------------------------------------------------

885/892 Testing: MultiRegions_Helmholtz2D_CG_P7_Modes_AllBCs_iter_ml_par3
885/892 Test: MultiRegions_Helmholtz2D_CG_P7_Modes_AllBCs_iter_ml_par3
Command: "/work/ecseak05/ecseak05/jaya/nektar_basic/nektar/nektar-5.6.0/build/tests/Tester" "/work/ecseak05/ecseak05/jaya/nektar_basic/nektar/nektar-5.6.0/library/Demos/MultiRegions/Tests/Helmholtz2D_CG_P7_Modes_AllBCs_iter_ml_par3.tst"
Directory: /work/ecseak05/ecseak05/jaya/nektar_basic/nektar/nektar-5.6.0/build/library/Demos/MultiRegions
"MultiRegions_Helmholtz2D_CG_P7_Modes_AllBCs_iter_ml_par3" start time: Jul 10 12:51 BST
Output:
----------------------------------------------------------
Error occurred running test:
Command: "mpirun" -np 3 /mnt/lustre/a2fs-work2/work/ecseak05/ecseak05/jaya/nektar_basic/nektar/nektar-5.6.0/build/library/Demos/MultiRegions/Helmholtz2D --use-opt-file test.opt  --use-scotch --verbose -I GlobalSysSoln=IterativeMultiLevelStaticCond Helmholtz2D_P7_AllBCs.xml 1>output.out 2>output.err
=== Output ===

=== Errors ===
sh: mpirun: command not found

<end of output>
Test time =   0.04 sec
----------------------------------------------------------
Test Failed.
"MultiRegions_Helmholtz2D_CG_P7_Modes_AllBCs_iter_ml_par3" end time: Jul 10 12:51 BST
"MultiRegions_Helmholtz2D_CG_P7_Modes_AllBCs_iter_ml_par3" time elapsed: 00:00:00
----------------------------------------------------------

868/892 Testing: MultiRegions_Helmholtz3D_HDG_Prism
868/892 Test: MultiRegions_Helmholtz3D_HDG_Prism
Command: "/work/ecseak05/ecseak05/jaya/nektar_basic/nektar/nektar-5.6.0/build/tests/Tester" "/work/ecseak05/ecseak05/jaya/nektar_basic/nektar/nektar-5.6.0/library/Demos/MultiRegions/Tests/Helmholtz3D_HDG_Prism.tst"
Directory: /work/ecseak05/ecseak05/jaya/nektar_basic/nektar/nektar-5.6.0/build/library/Demos/MultiRegions
"MultiRegions_Helmholtz3D_HDG_Prism" start time: Jul 10 12:51 BST
Output:
----------------------------------------------------------
<end of output>
Test time =   0.50 sec
----------------------------------------------------------
Test Passed.
"MultiRegions_Helmholtz3D_HDG_Prism" end time: Jul 10 12:51 BST
"MultiRegions_Helmholtz3D_HDG_Prism" time elapsed: 00:00:00
----------------------------------------------------------

888/892 Testing: MultiRegions_Helmholtz3D_CG_Prism_iter_ml_par5
888/892 Test: MultiRegions_Helmholtz3D_CG_Prism_iter_ml_par5
Command: "/work/ecseak05/ecseak05/jaya/nektar_basic/nektar/nektar-5.6.0/build/tests/Tester" "/work/ecseak05/ecseak05/jaya/nektar_basic/nektar/nektar-5.6.0/library/Demos/MultiRegions/Tests/Helmholtz3D_CG_Prism_iter_ml_par5.tst"
Directory: /work/ecseak05/ecseak05/jaya/nektar_basic/nektar/nektar-5.6.0/build/library/Demos/MultiRegions
"MultiRegions_Helmholtz3D_CG_Prism_iter_ml_par5" start time: Jul 10 12:51 BST
Output:
----------------------------------------------------------
Error occurred running test:
Command: "mpirun" -np 5 /mnt/lustre/a2fs-work2/work/ecseak05/ecseak05/jaya/nektar_basic/nektar/nektar-5.6.0/build/library/Demos/MultiRegions/Helmholtz3D --use-opt-file test.opt  --use-scotch -I WeightPartitions=Boundary Helmholtz3D_Prism.xml 1>output.out 2>output.err
=== Output ===

=== Errors ===
sh: mpirun: command not found

<end of output>
Test time =   0.03 sec
----------------------------------------------------------
Test Failed.
"MultiRegions_Helmholtz3D_CG_Prism_iter_ml_par5" end time: Jul 10 12:51 BST
"MultiRegions_Helmholtz3D_CG_Prism_iter_ml_par5" time elapsed: 00:00:00
----------------------------------------------------------

878/892 Testing: MultiRegions_Helmholtz3D_CG_Prism_iter_ml
878/892 Test: MultiRegions_Helmholtz3D_CG_Prism_iter_ml
Command: "/work/ecseak05/ecseak05/jaya/nektar_basic/nektar/nektar-5.6.0/build/tests/Tester" "/work/ecseak05/ecseak05/jaya/nektar_basic/nektar/nektar-5.6.0/library/Demos/MultiRegions/Tests/Helmholtz3D_CG_Prism_iter_ml.tst"
Directory: /work/ecseak05/ecseak05/jaya/nektar_basic/nektar/nektar-5.6.0/build/library/Demos/MultiRegions
"MultiRegions_Helmholtz3D_CG_Prism_iter_ml" start time: Jul 10 12:51 BST
Output:
----------------------------------------------------------
<end of output>
Test time =   0.14 sec
----------------------------------------------------------
Test Passed.
"MultiRegions_Helmholtz3D_CG_Prism_iter_ml" end time: Jul 10 12:51 BST
"MultiRegions_Helmholtz3D_CG_Prism_iter_ml" time elapsed: 00:00:00
----------------------------------------------------------

892/892 Testing: MultiRegions_Helmholtz3D_HDG_Hex_AllBCs_par2
892/892 Test: MultiRegions_Helmholtz3D_HDG_Hex_AllBCs_par2
Command: "/work/ecseak05/ecseak05/jaya/nektar_basic/nektar/nektar-5.6.0/build/tests/Tester" "/work/ecseak05/ecseak05/jaya/nektar_basic/nektar/nektar-5.6.0/library/Demos/MultiRegions/Tests/Helmholtz3D_HDG_Hex_AllBCs_par2.tst"
Directory: /work/ecseak05/ecseak05/jaya/nektar_basic/nektar/nektar-5.6.0/build/library/Demos/MultiRegions
"MultiRegions_Helmholtz3D_HDG_Hex_AllBCs_par2" start time: Jul 10 12:51 BST
Output:
----------------------------------------------------------
Error occurred running test:
Command: "mpirun" -np 2 /mnt/lustre/a2fs-work2/work/ecseak05/ecseak05/jaya/nektar_basic/nektar/nektar-5.6.0/build/library/Demos/MultiRegions/HDGHelmholtz3D --use-opt-file test.opt  --use-scotch Helmholtz3D_Hex_AllBCs_P6.xml 1>output.out 2>output.err
=== Output ===

=== Errors ===
sh: mpirun: command not found

<end of output>
Test time =   0.03 sec
----------------------------------------------------------
Test Failed.
"MultiRegions_Helmholtz3D_HDG_Hex_AllBCs_par2" end time: Jul 10 12:51 BST
"MultiRegions_Helmholtz3D_HDG_Hex_AllBCs_par2" time elapsed: 00:00:00
----------------------------------------------------------

887/892 Testing: MultiRegions_Helmholtz3D_CG_Hex_AllBCs_iter_ml_par3
887/892 Test: MultiRegions_Helmholtz3D_CG_Hex_AllBCs_iter_ml_par3
Command: "/work/ecseak05/ecseak05/jaya/nektar_basic/nektar/nektar-5.6.0/build/tests/Tester" "/work/ecseak05/ecseak05/jaya/nektar_basic/nektar/nektar-5.6.0/library/Demos/MultiRegions/Tests/Helmholtz3D_CG_Hex_AllBCs_iter_ml_par3.tst"
Directory: /work/ecseak05/ecseak05/jaya/nektar_basic/nektar/nektar-5.6.0/build/library/Demos/MultiRegions
"MultiRegions_Helmholtz3D_CG_Hex_AllBCs_iter_ml_par3" start time: Jul 10 12:51 BST
Output:
----------------------------------------------------------
Error occurred running test:
Command: "mpirun" -np 3 /mnt/lustre/a2fs-work2/work/ecseak05/ecseak05/jaya/nektar_basic/nektar/nektar-5.6.0/build/library/Demos/MultiRegions/Helmholtz3D --use-opt-file test.opt  --use-scotch --verbose -I GlobalSysSoln=IterativeMultiLevelStaticCond Helmholtz3D_Hex_AllBCs_P6.xml 1>output.out 2>output.err
=== Output ===

=== Errors ===
sh: mpirun: command not found

<end of output>
Test time =   0.06 sec
----------------------------------------------------------
Test Failed.
"MultiRegions_Helmholtz3D_CG_Hex_AllBCs_iter_ml_par3" end time: Jul 10 12:51 BST
"MultiRegions_Helmholtz3D_CG_Hex_AllBCs_iter_ml_par3" time elapsed: 00:00:00
----------------------------------------------------------

891/892 Testing: MultiRegions_Helmholtz3D_HDG_Prism_par2
891/892 Test: MultiRegions_Helmholtz3D_HDG_Prism_par2
Command: "/work/ecseak05/ecseak05/jaya/nektar_basic/nektar/nektar-5.6.0/build/tests/Tester" "/work/ecseak05/ecseak05/jaya/nektar_basic/nektar/nektar-5.6.0/library/Demos/MultiRegions/Tests/Helmholtz3D_HDG_Prism_par2.tst"
Directory: /work/ecseak05/ecseak05/jaya/nektar_basic/nektar/nektar-5.6.0/build/library/Demos/MultiRegions
"MultiRegions_Helmholtz3D_HDG_Prism_par2" start time: Jul 10 12:51 BST
Output:
----------------------------------------------------------
Error occurred running test:
Command: "mpirun" -np 2 /mnt/lustre/a2fs-work2/work/ecseak05/ecseak05/jaya/nektar_basic/nektar/nektar-5.6.0/build/library/Demos/MultiRegions/HDGHelmholtz3D --use-opt-file test.opt  --use-scotch Helmholtz3D_Prism.xml 1>output.out 2>output.err
=== Output ===

=== Errors ===
sh: mpirun: command not found

<end of output>
Test time =   0.04 sec
----------------------------------------------------------
Test Failed.
"MultiRegions_Helmholtz3D_HDG_Prism_par2" end time: Jul 10 12:51 BST
"MultiRegions_Helmholtz3D_HDG_Prism_par2" time elapsed: 00:00:00
----------------------------------------------------------

884/892 Testing: MultiRegions_Helmholtz2D_CG_P7_Modes_AllBCs_iter_sc_par2
884/892 Test: MultiRegions_Helmholtz2D_CG_P7_Modes_AllBCs_iter_sc_par2
Command: "/work/ecseak05/ecseak05/jaya/nektar_basic/nektar/nektar-5.6.0/build/tests/Tester" "/work/ecseak05/ecseak05/jaya/nektar_basic/nektar/nektar-5.6.0/library/Demos/MultiRegions/Tests/Helmholtz2D_CG_P7_Modes_AllBCs_iter_sc_par2.tst"
Directory: /work/ecseak05/ecseak05/jaya/nektar_basic/nektar/nektar-5.6.0/build/library/Demos/MultiRegions
"MultiRegions_Helmholtz2D_CG_P7_Modes_AllBCs_iter_sc_par2" start time: Jul 10 12:51 BST
Output:
----------------------------------------------------------
Error occurred running test:
Command: "mpirun" -np 2 /mnt/lustre/a2fs-work2/work/ecseak05/ecseak05/jaya/nektar_basic/nektar/nektar-5.6.0/build/library/Demos/MultiRegions/Helmholtz2D --use-opt-file test.opt  --use-scotch -I GlobalSysSoln=IterativeStaticCond Helmholtz2D_P7_AllBCs.xml 1>output.out 2>output.err
=== Output ===

=== Errors ===
sh: mpirun: command not found

<end of output>
Test time =   0.10 sec
----------------------------------------------------------
Test Failed.
"MultiRegions_Helmholtz2D_CG_P7_Modes_AllBCs_iter_sc_par2" end time: Jul 10 12:51 BST
"MultiRegions_Helmholtz2D_CG_P7_Modes_AllBCs_iter_sc_par2" time elapsed: 00:00:00
----------------------------------------------------------

879/892 Testing: MultiRegions_Helmholtz3D_CG_Hex_AllBCs_iter_ml
879/892 Test: MultiRegions_Helmholtz3D_CG_Hex_AllBCs_iter_ml
Command: "/work/ecseak05/ecseak05/jaya/nektar_basic/nektar/nektar-5.6.0/build/tests/Tester" "/work/ecseak05/ecseak05/jaya/nektar_basic/nektar/nektar-5.6.0/library/Demos/MultiRegions/Tests/Helmholtz3D_CG_Hex_AllBCs_iter_ml.tst"
Directory: /work/ecseak05/ecseak05/jaya/nektar_basic/nektar/nektar-5.6.0/build/library/Demos/MultiRegions
"MultiRegions_Helmholtz3D_CG_Hex_AllBCs_iter_ml" start time: Jul 10 12:51 BST
Output:
----------------------------------------------------------
<end of output>
Test time =   0.34 sec
----------------------------------------------------------
Test Passed.
"MultiRegions_Helmholtz3D_CG_Hex_AllBCs_iter_ml" end time: Jul 10 12:51 BST
"MultiRegions_Helmholtz3D_CG_Hex_AllBCs_iter_ml" time elapsed: 00:00:00
----------------------------------------------------------

890/892 Testing: MultiRegions_Helmholtz2D_CG_varP_Modes_par
890/892 Test: MultiRegions_Helmholtz2D_CG_varP_Modes_par
Command: "/work/ecseak05/ecseak05/jaya/nektar_basic/nektar/nektar-5.6.0/build/tests/Tester" "/work/ecseak05/ecseak05/jaya/nektar_basic/nektar/nektar-5.6.0/library/Demos/MultiRegions/Tests/Helmholtz2D_CG_varP_Modes_par.tst"
Directory: /work/ecseak05/ecseak05/jaya/nektar_basic/nektar/nektar-5.6.0/build/library/Demos/MultiRegions
"MultiRegions_Helmholtz2D_CG_varP_Modes_par" start time: Jul 10 12:51 BST
Output:
----------------------------------------------------------
Error occurred running test:
Command: "mpirun" -np 2 /mnt/lustre/a2fs-work2/work/ecseak05/ecseak05/jaya/nektar_basic/nektar/nektar-5.6.0/build/library/Demos/MultiRegions/Helmholtz2D --use-opt-file test.opt  Helmholtz2D_varP.xml 1>output.out 2>output.err
=== Output ===

=== Errors ===
sh: mpirun: command not found

<end of output>
Test time =   0.32 sec
----------------------------------------------------------
Test Failed.
"MultiRegions_Helmholtz2D_CG_varP_Modes_par" end time: Jul 10 12:51 BST
"MultiRegions_Helmholtz2D_CG_varP_Modes_par" time elapsed: 00:00:00
----------------------------------------------------------

886/892 Testing: MultiRegions_Helmholtz2D_CG_P7_Modes_xxt_ml
886/892 Test: MultiRegions_Helmholtz2D_CG_P7_Modes_xxt_ml
Command: "/work/ecseak05/ecseak05/jaya/nektar_basic/nektar/nektar-5.6.0/build/tests/Tester" "/work/ecseak05/ecseak05/jaya/nektar_basic/nektar/nektar-5.6.0/library/Demos/MultiRegions/Tests/Helmholtz2D_CG_P7_Modes_xxt_ml.tst"
Directory: /work/ecseak05/ecseak05/jaya/nektar_basic/nektar/nektar-5.6.0/build/library/Demos/MultiRegions
"MultiRegions_Helmholtz2D_CG_P7_Modes_xxt_ml" start time: Jul 10 12:51 BST
Output:
----------------------------------------------------------
Error occurred running test:
Command: "mpirun" -np 2 /mnt/lustre/a2fs-work2/work/ecseak05/ecseak05/jaya/nektar_basic/nektar/nektar-5.6.0/build/library/Demos/MultiRegions/Helmholtz2D --use-opt-file test.opt  -I GlobalSysSoln=XxtMultiLevelStaticCond Helmholtz2D_P7.xml 1>output.out 2>output.err
=== Output ===

=== Errors ===
sh: mpirun: command not found

<end of output>
Test time =   0.36 sec
----------------------------------------------------------
Test Failed.
"MultiRegions_Helmholtz2D_CG_P7_Modes_xxt_ml" end time: Jul 10 12:51 BST
"MultiRegions_Helmholtz2D_CG_P7_Modes_xxt_ml" time elapsed: 00:00:00
----------------------------------------------------------

869/892 Testing: MultiRegions_Helmholtz3D_HDG_Tet
869/892 Test: MultiRegions_Helmholtz3D_HDG_Tet
Command: "/work/ecseak05/ecseak05/jaya/nektar_basic/nektar/nektar-5.6.0/build/tests/Tester" "/work/ecseak05/ecseak05/jaya/nektar_basic/nektar/nektar-5.6.0/library/Demos/MultiRegions/Tests/Helmholtz3D_HDG_Tet.tst"
Directory: /work/ecseak05/ecseak05/jaya/nektar_basic/nektar/nektar-5.6.0/build/library/Demos/MultiRegions
"MultiRegions_Helmholtz3D_HDG_Tet" start time: Jul 10 12:51 BST
Output:
----------------------------------------------------------
<end of output>
Test time =   0.83 sec
----------------------------------------------------------
Test Passed.
"MultiRegions_Helmholtz3D_HDG_Tet" end time: Jul 10 12:51 BST
"MultiRegions_Helmholtz3D_HDG_Tet" time elapsed: 00:00:00
----------------------------------------------------------

882/892 Testing: MultiRegions_Helmholtz2D_CG_P7_Modes_AllBCs_xxt_sc
882/892 Test: MultiRegions_Helmholtz2D_CG_P7_Modes_AllBCs_xxt_sc
Command: "/work/ecseak05/ecseak05/jaya/nektar_basic/nektar/nektar-5.6.0/build/tests/Tester" "/work/ecseak05/ecseak05/jaya/nektar_basic/nektar/nektar-5.6.0/library/Demos/MultiRegions/Tests/Helmholtz2D_CG_P7_Modes_AllBCs_xxt_sc.tst"
Directory: /work/ecseak05/ecseak05/jaya/nektar_basic/nektar/nektar-5.6.0/build/library/Demos/MultiRegions
"MultiRegions_Helmholtz2D_CG_P7_Modes_AllBCs_xxt_sc" start time: Jul 10 12:51 BST
Output:
----------------------------------------------------------
<end of output>
Test time =   0.59 sec
----------------------------------------------------------
Test Passed.
"MultiRegions_Helmholtz2D_CG_P7_Modes_AllBCs_xxt_sc" end time: Jul 10 12:51 BST
"MultiRegions_Helmholtz2D_CG_P7_Modes_AllBCs_xxt_sc" time elapsed: 00:00:00
----------------------------------------------------------

889/892 Testing: MultiRegions_Helmholtz2D_CG_P14_xxt_per
889/892 Test: MultiRegions_Helmholtz2D_CG_P14_xxt_per
Command: "/work/ecseak05/ecseak05/jaya/nektar_basic/nektar/nektar-5.6.0/build/tests/Tester" "/work/ecseak05/ecseak05/jaya/nektar_basic/nektar/nektar-5.6.0/library/Demos/MultiRegions/Tests/Helmholtz2D_CG_P14_xxt_per.tst"
Directory: /work/ecseak05/ecseak05/jaya/nektar_basic/nektar/nektar-5.6.0/build/library/Demos/MultiRegions
"MultiRegions_Helmholtz2D_CG_P14_xxt_per" start time: Jul 10 12:51 BST
Output:
----------------------------------------------------------
<end of output>
Test time =   0.86 sec
----------------------------------------------------------
Test Passed.
"MultiRegions_Helmholtz2D_CG_P14_xxt_per" end time: Jul 10 12:51 BST
"MultiRegions_Helmholtz2D_CG_P14_xxt_per" time elapsed: 00:00:00
----------------------------------------------------------

881/892 Testing: MultiRegions_Helmholtz2D_CG_P7_Modes_AllBCs_xxt_full
881/892 Test: MultiRegions_Helmholtz2D_CG_P7_Modes_AllBCs_xxt_full
Command: "/work/ecseak05/ecseak05/jaya/nektar_basic/nektar/nektar-5.6.0/build/tests/Tester" "/work/ecseak05/ecseak05/jaya/nektar_basic/nektar/nektar-5.6.0/library/Demos/MultiRegions/Tests/Helmholtz2D_CG_P7_Modes_AllBCs_xxt_full.tst"
Directory: /work/ecseak05/ecseak05/jaya/nektar_basic/nektar/nektar-5.6.0/build/library/Demos/MultiRegions
"MultiRegions_Helmholtz2D_CG_P7_Modes_AllBCs_xxt_full" start time: Jul 10 12:51 BST
Output:
----------------------------------------------------------
<end of output>
Test time =   1.63 sec
----------------------------------------------------------
Test Passed.
"MultiRegions_Helmholtz2D_CG_P7_Modes_AllBCs_xxt_full" end time: Jul 10 12:51 BST
"MultiRegions_Helmholtz2D_CG_P7_Modes_AllBCs_xxt_full" time elapsed: 00:00:01
----------------------------------------------------------

526/892 Testing: IncNavierStokesSolver_Cyl_AdaptiveSFD
526/892 Test: IncNavierStokesSolver_Cyl_AdaptiveSFD
Command: "/work/ecseak05/ecseak05/jaya/nektar_basic/nektar/nektar-5.6.0/build/tests/Tester" "/work/ecseak05/ecseak05/jaya/nektar_basic/nektar/nektar-5.6.0/solvers/IncNavierStokesSolver/Tests/Cyl_AdaptiveSFD.tst"
Directory: /work/ecseak05/ecseak05/jaya/nektar_basic/nektar/nektar-5.6.0/build/solvers/IncNavierStokesSolver
"IncNavierStokesSolver_Cyl_AdaptiveSFD" start time: Jul 10 12:51 BST
Output:
----------------------------------------------------------
<end of output>
Test time =  29.83 sec
----------------------------------------------------------
Test Passed.
"IncNavierStokesSolver_Cyl_AdaptiveSFD" end time: Jul 10 12:51 BST
"IncNavierStokesSolver_Cyl_AdaptiveSFD" time elapsed: 00:00:29
----------------------------------------------------------

362/892 Testing: CompressibleFlowSolver_CylinderSubsonic_NS_WeakDG_IP_SEM_VariableMu
362/892 Test: CompressibleFlowSolver_CylinderSubsonic_NS_WeakDG_IP_SEM_VariableMu
Command: "/work/ecseak05/ecseak05/jaya/nektar_basic/nektar/nektar-5.6.0/build/tests/Tester" "/work/ecseak05/ecseak05/jaya/nektar_basic/nektar/nektar-5.6.0/solvers/CompressibleFlowSolver/Tests/CylinderSubsonic_NS_WeakDG_IP_SEM_VariableMu.tst"
Directory: /work/ecseak05/ecseak05/jaya/nektar_basic/nektar/nektar-5.6.0/build/solvers/CompressibleFlowSolver
"CompressibleFlowSolver_CylinderSubsonic_NS_WeakDG_IP_SEM_VariableMu" start time: Jul 10 12:50 BST
Output:
----------------------------------------------------------
<end of output>
Test time =  51.24 sec
----------------------------------------------------------
Test Passed.
"CompressibleFlowSolver_CylinderSubsonic_NS_WeakDG_IP_SEM_VariableMu" end time: Jul 10 12:51 BST
"CompressibleFlowSolver_CylinderSubsonic_NS_WeakDG_IP_SEM_VariableMu" time elapsed: 00:00:51
----------------------------------------------------------

10/892 Testing: NekMesh_Nektar++/peralign_double_periodic_hybrid
10/892 Test: NekMesh_Nektar++/peralign_double_periodic_hybrid
Command: "/work/ecseak05/ecseak05/jaya/nektar_basic/nektar/nektar-5.6.0/build/tests/Tester" "/work/ecseak05/ecseak05/jaya/nektar_basic/nektar/nektar-5.6.0/utilities/NekMesh/Tests/Nektar++/peralign_double_periodic_hybrid.tst"
Directory: /work/ecseak05/ecseak05/jaya/nektar_basic/nektar/nektar-5.6.0/build/utilities/NekMesh
"NekMesh_Nektar++/peralign_double_periodic_hybrid" start time: Jul 10 12:50 BST
Output:
----------------------------------------------------------
<end of output>
Test time =  90.71 sec
----------------------------------------------------------
Test Passed.
"NekMesh_Nektar++/peralign_double_periodic_hybrid" end time: Jul 10 12:51 BST
"NekMesh_Nektar++/peralign_double_periodic_hybrid" time elapsed: 00:01:30
----------------------------------------------------------

End testing: Jul 10 12:51 BST
